[NX Daemon Server] - 2023-11-09T16:52:50.783Z - Started listening on: \\.\pipe\nx\C:\Users\DINESH~1.PAN\AppData\Local\Temp\eb518b53489e89966fa3\d.sock
[NX Daemon Server] - 2023-11-09T16:52:50.786Z - [WATCHER]: Subscribed to changes within: D:\Oregon\Devlopment\deops-code\cms-devops-frontend\cms (native)
[NX Daemon Server] - 2023-11-09T16:52:50.796Z - Established a connection. Number of open connections: 1
[NX Daemon Server] - 2023-11-09T16:52:50.800Z - Closed a connection. Number of open connections: 0
[NX Daemon Server] - 2023-11-09T16:52:50.801Z - Established a connection. Number of open connections: 1
[NX Daemon Server] - 2023-11-09T16:52:50.805Z - [REQUEST]: Client Request for Project Graph Received
[NX Daemon Server] - 2023-11-09T16:52:51.052Z - [REQUEST]: Updated file-hasher based on watched changes, recomputing project graph...
[NX Daemon Server] - 2023-11-09T16:52:51.052Z - [REQUEST]: 
[NX Daemon Server] - 2023-11-09T16:52:51.052Z - [REQUEST]: 

 >  NX   Using `implicitDependencies` for global implicit dependencies configuration is no longer supported.

   Use "namedInputs" instead. You can run "nx repair" to automatically migrate your configuration.
   For more information about the usage of "namedInputs" see https://nx.dev/deprecated/global-implicit-dependencies#global-implicit-dependencies

[NX Daemon Server] - 2023-11-09T16:52:51.386Z - [REQUEST]: Responding to the client. project-graph
[NX Daemon Server] - 2023-11-09T16:52:51.390Z - Time taken for 'total for creating and serializing project graph' 580.3988999128342ms
[NX Daemon Server] - 2023-11-09T16:52:51.391Z - [WATCHER]: Processing file changes in outputs
[NX Daemon Server] - 2023-11-09T16:52:51.392Z - [WATCHER]: Processing file changes in outputs
[NX Daemon Server] - 2023-11-09T16:52:51.392Z - Done responding to the client project-graph
[NX Daemon Server] - 2023-11-09T16:52:51.392Z - Handled REQUEST_PROJECT_GRAPH. Handling time: 581. Response time: 6.
[NX Daemon Server] - 2023-11-09T16:52:51.429Z - [WATCHER]: Processing file changes in outputs
[NX Daemon Server] - 2023-11-09T16:52:51.788Z - [REQUEST]: Responding to the client. handleHashTasks
[NX Daemon Server] - 2023-11-09T16:52:51.788Z - Done responding to the client handleHashTasks
[NX Daemon Server] - 2023-11-09T16:52:51.788Z - Handled HASH_TASKS. Handling time: 125. Response time: 1.
[NX Daemon Server] - 2023-11-09T16:52:52.127Z - [WATCHER]: Processing file changes in outputs
[NX Daemon Server] - 2023-11-09T16:52:52.136Z - [WATCHER]: .nx/cache/terminalOutputs/5329444951637850840 was created or restored
[NX Daemon Server] - 2023-11-09T16:52:52.284Z - [REQUEST]: Updated file-hasher based on watched changes, recomputing project graph...
[NX Daemon Server] - 2023-11-09T16:52:52.284Z - [REQUEST]: .nx/cache/terminalOutputs/5329444951637850840
[NX Daemon Server] - 2023-11-09T16:52:52.284Z - [REQUEST]: 

 >  NX   Using `implicitDependencies` for global implicit dependencies configuration is no longer supported.

   Use "namedInputs" instead. You can run "nx repair" to automatically migrate your configuration.
   For more information about the usage of "namedInputs" see https://nx.dev/deprecated/global-implicit-dependencies#global-implicit-dependencies

[NX Daemon Server] - 2023-11-09T16:52:52.376Z - Time taken for 'hash changed files from watcher' 5.247900009155273ms
[NX Daemon Server] - 2023-11-09T16:52:52.410Z - [WATCHER]: Processing file changes in outputs
[NX Daemon Server] - 2023-11-09T16:52:52.412Z - [WATCHER]: 2 file(s) created or restored, 0 file(s) modified, 2 file(s) deleted
[NX Daemon Server] - 2023-11-09T16:52:52.570Z - [REQUEST]: Updated file-hasher based on watched changes, recomputing project graph...
[NX Daemon Server] - 2023-11-09T16:52:52.570Z - [REQUEST]: .nx/cache/file-map.json,.nx/cache/project-graph.json
[NX Daemon Server] - 2023-11-09T16:52:52.570Z - [REQUEST]: .nx/cache/project-graph.json~e2cb8dc2,.nx/cache/file-map.json~e2cb8dc2

 >  NX   Using `implicitDependencies` for global implicit dependencies configuration is no longer supported.

   Use "namedInputs" instead. You can run "nx repair" to automatically migrate your configuration.
   For more information about the usage of "namedInputs" see https://nx.dev/deprecated/global-implicit-dependencies#global-implicit-dependencies

[NX Daemon Server] - 2023-11-09T16:52:52.664Z - Time taken for 'hash changed files from watcher' 5.79640007019043ms
[NX Daemon Server] - 2023-11-09T16:52:52.708Z - [WATCHER]: 2 file(s) created or restored, 0 file(s) modified, 2 file(s) deleted
[NX Daemon Server] - 2023-11-09T16:52:52.709Z - [WATCHER]: Processing file changes in outputs
[NX Daemon Server] - 2023-11-09T16:52:52.853Z - [REQUEST]: Updated file-hasher based on watched changes, recomputing project graph...
[NX Daemon Server] - 2023-11-09T16:52:52.853Z - [REQUEST]: .nx/cache/file-map.json,.nx/cache/project-graph.json
[NX Daemon Server] - 2023-11-09T16:52:52.853Z - [REQUEST]: .nx/cache/file-map.json~2ca38a77,.nx/cache/project-graph.json~2ca38a77

 >  NX   Using `implicitDependencies` for global implicit dependencies configuration is no longer supported.

   Use "namedInputs" instead. You can run "nx repair" to automatically migrate your configuration.
   For more information about the usage of "namedInputs" see https://nx.dev/deprecated/global-implicit-dependencies#global-implicit-dependencies

[NX Daemon Server] - 2023-11-09T16:52:52.938Z - Time taken for 'hash changed files from watcher' 7.548799991607666ms
[NX Daemon Server] - 2023-11-09T16:52:52.972Z - [WATCHER]: Processing file changes in outputs
[NX Daemon Server] - 2023-11-09T16:52:52.973Z - [WATCHER]: 2 file(s) created or restored, 0 file(s) modified, 2 file(s) deleted
[NX Daemon Server] - 2023-11-09T16:52:53.120Z - [REQUEST]: Updated file-hasher based on watched changes, recomputing project graph...
[NX Daemon Server] - 2023-11-09T16:52:53.120Z - [REQUEST]: .nx/cache/file-map.json,.nx/cache/project-graph.json
[NX Daemon Server] - 2023-11-09T16:52:53.120Z - [REQUEST]: .nx/cache/file-map.json~70d9197d,.nx/cache/project-graph.json~70d9197d

 >  NX   Using `implicitDependencies` for global implicit dependencies configuration is no longer supported.

   Use "namedInputs" instead. You can run "nx repair" to automatically migrate your configuration.
   For more information about the usage of "namedInputs" see https://nx.dev/deprecated/global-implicit-dependencies#global-implicit-dependencies

[NX Daemon Server] - 2023-11-09T16:52:53.215Z - Time taken for 'hash changed files from watcher' 5.62720000743866ms
[NX Daemon Server] - 2023-11-09T16:52:53.252Z - [WATCHER]: Processing file changes in outputs
[NX Daemon Server] - 2023-11-09T16:52:53.254Z - [WATCHER]: 2 file(s) created or restored, 0 file(s) modified, 2 file(s) deleted
[NX Daemon Server] - 2023-11-09T16:52:53.401Z - [REQUEST]: Updated file-hasher based on watched changes, recomputing project graph...
[NX Daemon Server] - 2023-11-09T16:52:53.402Z - [REQUEST]: .nx/cache/file-map.json,.nx/cache/project-graph.json
[NX Daemon Server] - 2023-11-09T16:52:53.402Z - [REQUEST]: .nx/cache/project-graph.json~ee248b64,.nx/cache/file-map.json~ee248b64

 >  NX   Using `implicitDependencies` for global implicit dependencies configuration is no longer supported.

   Use "namedInputs" instead. You can run "nx repair" to automatically migrate your configuration.
   For more information about the usage of "namedInputs" see https://nx.dev/deprecated/global-implicit-dependencies#global-implicit-dependencies

[NX Daemon Server] - 2023-11-09T16:52:53.485Z - Time taken for 'hash changed files from watcher' 6.778800010681152ms
[NX Daemon Server] - 2023-11-09T16:52:53.533Z - [WATCHER]: 2 file(s) created or restored, 0 file(s) modified, 2 file(s) deleted
[NX Daemon Server] - 2023-11-09T16:52:53.533Z - [WATCHER]: Processing file changes in outputs
[NX Daemon Server] - 2023-11-09T16:52:53.688Z - [REQUEST]: Updated file-hasher based on watched changes, recomputing project graph...
[NX Daemon Server] - 2023-11-09T16:52:53.688Z - [REQUEST]: .nx/cache/file-map.json,.nx/cache/project-graph.json
[NX Daemon Server] - 2023-11-09T16:52:53.688Z - [REQUEST]: .nx/cache/file-map.json~cdcb54a6,.nx/cache/project-graph.json~cdcb54a6

 >  NX   Using `implicitDependencies` for global implicit dependencies configuration is no longer supported.

   Use "namedInputs" instead. You can run "nx repair" to automatically migrate your configuration.
   For more information about the usage of "namedInputs" see https://nx.dev/deprecated/global-implicit-dependencies#global-implicit-dependencies

[NX Daemon Server] - 2023-11-09T16:52:53.786Z - Time taken for 'hash changed files from watcher' 6.434100031852722ms
[NX Daemon Server] - 2023-11-09T16:52:53.826Z - [WATCHER]: 2 file(s) created or restored, 0 file(s) modified, 2 file(s) deleted
[NX Daemon Server] - 2023-11-09T16:52:53.827Z - [WATCHER]: Processing file changes in outputs
[NX Daemon Server] - 2023-11-09T16:52:53.973Z - [REQUEST]: Updated file-hasher based on watched changes, recomputing project graph...
[NX Daemon Server] - 2023-11-09T16:52:53.973Z - [REQUEST]: .nx/cache/file-map.json,.nx/cache/project-graph.json
[NX Daemon Server] - 2023-11-09T16:52:53.973Z - [REQUEST]: .nx/cache/file-map.json~78e71ab6,.nx/cache/project-graph.json~78e71ab6

 >  NX   Using `implicitDependencies` for global implicit dependencies configuration is no longer supported.

   Use "namedInputs" instead. You can run "nx repair" to automatically migrate your configuration.
   For more information about the usage of "namedInputs" see https://nx.dev/deprecated/global-implicit-dependencies#global-implicit-dependencies

[NX Daemon Server] - 2023-11-09T16:52:54.064Z - Time taken for 'hash changed files from watcher' 5.231299996376038ms
[NX Daemon Server] - 2023-11-09T16:52:54.105Z - [WATCHER]: Processing file changes in outputs
[NX Daemon Server] - 2023-11-09T16:52:54.106Z - [WATCHER]: 2 file(s) created or restored, 0 file(s) modified, 2 file(s) deleted
[NX Daemon Server] - 2023-11-09T16:52:54.300Z - [REQUEST]: Updated file-hasher based on watched changes, recomputing project graph...
[NX Daemon Server] - 2023-11-09T16:52:54.300Z - [REQUEST]: .nx/cache/file-map.json,.nx/cache/project-graph.json
[NX Daemon Server] - 2023-11-09T16:52:54.301Z - [REQUEST]: .nx/cache/file-map.json~fecc0c97,.nx/cache/project-graph.json~fecc0c97

 >  NX   Using `implicitDependencies` for global implicit dependencies configuration is no longer supported.

   Use "namedInputs" instead. You can run "nx repair" to automatically migrate your configuration.
   For more information about the usage of "namedInputs" see https://nx.dev/deprecated/global-implicit-dependencies#global-implicit-dependencies

[NX Daemon Server] - 2023-11-09T16:52:54.422Z - Time taken for 'hash changed files from watcher' 15.568599939346313ms
[NX Daemon Server] - 2023-11-09T16:52:54.463Z - [WATCHER]: Processing file changes in outputs
[NX Daemon Server] - 2023-11-09T16:52:54.465Z - [WATCHER]: 2 file(s) created or restored, 0 file(s) modified, 2 file(s) deleted
[NX Daemon Server] - 2023-11-09T16:52:54.609Z - [REQUEST]: Updated file-hasher based on watched changes, recomputing project graph...
[NX Daemon Server] - 2023-11-09T16:52:54.609Z - [REQUEST]: .nx/cache/file-map.json,.nx/cache/project-graph.json
[NX Daemon Server] - 2023-11-09T16:52:54.609Z - [REQUEST]: .nx/cache/project-graph.json~ec5d9ad4,.nx/cache/file-map.json~ec5d9ad4

 >  NX   Using `implicitDependencies` for global implicit dependencies configuration is no longer supported.

   Use "namedInputs" instead. You can run "nx repair" to automatically migrate your configuration.
   For more information about the usage of "namedInputs" see https://nx.dev/deprecated/global-implicit-dependencies#global-implicit-dependencies

[NX Daemon Server] - 2023-11-09T16:52:54.683Z - Time taken for 'hash changed files from watcher' 6.263100028038025ms
[NX Daemon Server] - 2023-11-09T16:52:54.726Z - [WATCHER]: Processing file changes in outputs
[NX Daemon Server] - 2023-11-09T16:52:54.728Z - [WATCHER]: 2 file(s) created or restored, 0 file(s) modified, 2 file(s) deleted
[NX Daemon Server] - 2023-11-09T16:52:54.879Z - [REQUEST]: Updated file-hasher based on watched changes, recomputing project graph...
[NX Daemon Server] - 2023-11-09T16:52:54.879Z - [REQUEST]: .nx/cache/project-graph.json,.nx/cache/file-map.json
[NX Daemon Server] - 2023-11-09T16:52:54.879Z - [REQUEST]: .nx/cache/project-graph.json~d15ab787,.nx/cache/file-map.json~d15ab787

 >  NX   Using `implicitDependencies` for global implicit dependencies configuration is no longer supported.

   Use "namedInputs" instead. You can run "nx repair" to automatically migrate your configuration.
   For more information about the usage of "namedInputs" see https://nx.dev/deprecated/global-implicit-dependencies#global-implicit-dependencies

[NX Daemon Server] - 2023-11-09T16:52:55.060Z - Time taken for 'hash changed files from watcher' 5.215700030326843ms
[NX Daemon Server] - 2023-11-09T16:52:55.062Z - [WATCHER]: 2 file(s) created or restored, 0 file(s) modified, 2 file(s) deleted
[NX Daemon Server] - 2023-11-09T16:52:55.063Z - [WATCHER]: Processing file changes in outputs
[NX Daemon Server] - 2023-11-09T16:52:55.231Z - [REQUEST]: Updated file-hasher based on watched changes, recomputing project graph...
[NX Daemon Server] - 2023-11-09T16:52:55.231Z - [REQUEST]: .nx/cache/project-graph.json,.nx/cache/file-map.json
[NX Daemon Server] - 2023-11-09T16:52:55.231Z - [REQUEST]: .nx/cache/file-map.json~95957b51,.nx/cache/project-graph.json~95957b51

 >  NX   Using `implicitDependencies` for global implicit dependencies configuration is no longer supported.

   Use "namedInputs" instead. You can run "nx repair" to automatically migrate your configuration.
   For more information about the usage of "namedInputs" see https://nx.dev/deprecated/global-implicit-dependencies#global-implicit-dependencies

[NX Daemon Server] - 2023-11-09T16:52:55.363Z - Time taken for 'hash changed files from watcher' 8.249199986457825ms
[NX Daemon Server] - 2023-11-09T16:52:55.381Z - [WATCHER]: Processing file changes in outputs
[NX Daemon Server] - 2023-11-09T16:52:55.383Z - [WATCHER]: 2 file(s) created or restored, 0 file(s) modified, 2 file(s) deleted
[NX Daemon Server] - 2023-11-09T16:52:55.388Z - Established a connection. Number of open connections: 2
[NX Daemon Server] - 2023-11-09T16:52:55.389Z - Closed a connection. Number of open connections: 1
[NX Daemon Server] - 2023-11-09T16:52:55.390Z - Established a connection. Number of open connections: 2
[NX Daemon Server] - 2023-11-09T16:52:55.393Z - [REQUEST]: Client Request for Project Graph Received
[NX Daemon Server] - 2023-11-09T16:52:55.445Z - [REQUEST]: Updated file-hasher based on watched changes, recomputing project graph...
[NX Daemon Server] - 2023-11-09T16:52:55.445Z - [REQUEST]: .nx/cache/project-graph.json,.nx/cache/file-map.json
[NX Daemon Server] - 2023-11-09T16:52:55.445Z - [REQUEST]: .nx/cache/file-map.json~3eaec4f4,.nx/cache/project-graph.json~3eaec4f4

 >  NX   Using `implicitDependencies` for global implicit dependencies configuration is no longer supported.

   Use "namedInputs" instead. You can run "nx repair" to automatically migrate your configuration.
   For more information about the usage of "namedInputs" see https://nx.dev/deprecated/global-implicit-dependencies#global-implicit-dependencies

[NX Daemon Server] - 2023-11-09T16:52:55.541Z - [REQUEST]: Responding to the client. project-graph
[NX Daemon Server] - 2023-11-09T16:52:55.544Z - Time taken for 'total for creating and serializing project graph' 148.45239996910095ms
[NX Daemon Server] - 2023-11-09T16:52:55.544Z - Done responding to the client project-graph
[NX Daemon Server] - 2023-11-09T16:52:55.544Z - Handled REQUEST_PROJECT_GRAPH. Handling time: 148. Response time: 3.
[NX Daemon Server] - 2023-11-09T16:52:55.584Z - [WATCHER]: 2 file(s) created or restored, 0 file(s) modified, 2 file(s) deleted
[NX Daemon Server] - 2023-11-09T16:52:55.585Z - [WATCHER]: Processing file changes in outputs
[NX Daemon Server] - 2023-11-09T16:52:55.747Z - [REQUEST]: Updated file-hasher based on watched changes, recomputing project graph...
[NX Daemon Server] - 2023-11-09T16:52:55.747Z - [REQUEST]: .nx/cache/project-graph.json,.nx/cache/file-map.json
[NX Daemon Server] - 2023-11-09T16:52:55.747Z - [REQUEST]: .nx/cache/project-graph.json~621f5d92,.nx/cache/file-map.json~621f5d92

 >  NX   Using `implicitDependencies` for global implicit dependencies configuration is no longer supported.

   Use "namedInputs" instead. You can run "nx repair" to automatically migrate your configuration.
   For more information about the usage of "namedInputs" see https://nx.dev/deprecated/global-implicit-dependencies#global-implicit-dependencies

[NX Daemon Server] - 2023-11-09T16:52:55.873Z - Time taken for 'hash changed files from watcher' 7.65690004825592ms
[NX Daemon Server] - 2023-11-09T16:52:55.911Z - [WATCHER]: 2 file(s) created or restored, 0 file(s) modified, 2 file(s) deleted
[NX Daemon Server] - 2023-11-09T16:52:55.911Z - [WATCHER]: Processing file changes in outputs
[NX Daemon Server] - 2023-11-09T16:52:56.072Z - [REQUEST]: Updated file-hasher based on watched changes, recomputing project graph...
[NX Daemon Server] - 2023-11-09T16:52:56.072Z - [REQUEST]: .nx/cache/file-map.json,.nx/cache/project-graph.json
[NX Daemon Server] - 2023-11-09T16:52:56.072Z - [REQUEST]: .nx/cache/project-graph.json~2e9888e4,.nx/cache/file-map.json~2e9888e4

 >  NX   Using `implicitDependencies` for global implicit dependencies configuration is no longer supported.

   Use "namedInputs" instead. You can run "nx repair" to automatically migrate your configuration.
   For more information about the usage of "namedInputs" see https://nx.dev/deprecated/global-implicit-dependencies#global-implicit-dependencies

[NX Daemon Server] - 2023-11-09T16:52:56.155Z - Time taken for 'hash changed files from watcher' 6.083400011062622ms
[NX Daemon Server] - 2023-11-09T16:52:56.206Z - [WATCHER]: 2 file(s) created or restored, 0 file(s) modified, 2 file(s) deleted
[NX Daemon Server] - 2023-11-09T16:52:56.244Z - [WATCHER]: Processing file changes in outputs
[NX Daemon Server] - 2023-11-09T16:52:56.383Z - [REQUEST]: Updated file-hasher based on watched changes, recomputing project graph...
[NX Daemon Server] - 2023-11-09T16:52:56.383Z - [REQUEST]: .nx/cache/file-map.json,.nx/cache/project-graph.json
[NX Daemon Server] - 2023-11-09T16:52:56.383Z - [REQUEST]: .nx/cache/file-map.json~a6cf25d4,.nx/cache/project-graph.json~a6cf25d4

 >  NX   Using `implicitDependencies` for global implicit dependencies configuration is no longer supported.

   Use "namedInputs" instead. You can run "nx repair" to automatically migrate your configuration.
   For more information about the usage of "namedInputs" see https://nx.dev/deprecated/global-implicit-dependencies#global-implicit-dependencies

[NX Daemon Server] - 2023-11-09T16:52:56.490Z - Time taken for 'hash changed files from watcher' 5.176400065422058ms
[NX Daemon Server] - 2023-11-09T16:52:56.519Z - [WATCHER]: 2 file(s) created or restored, 0 file(s) modified, 2 file(s) deleted
[NX Daemon Server] - 2023-11-09T16:52:56.520Z - [WATCHER]: Processing file changes in outputs
[NX Daemon Server] - 2023-11-09T16:52:56.663Z - [REQUEST]: Updated file-hasher based on watched changes, recomputing project graph...
[NX Daemon Server] - 2023-11-09T16:52:56.663Z - [REQUEST]: .nx/cache/project-graph.json,.nx/cache/file-map.json
[NX Daemon Server] - 2023-11-09T16:52:56.663Z - [REQUEST]: .nx/cache/project-graph.json~88e4e801,.nx/cache/file-map.json~88e4e801

 >  NX   Using `implicitDependencies` for global implicit dependencies configuration is no longer supported.

   Use "namedInputs" instead. You can run "nx repair" to automatically migrate your configuration.
   For more information about the usage of "namedInputs" see https://nx.dev/deprecated/global-implicit-dependencies#global-implicit-dependencies

[NX Daemon Server] - 2023-11-09T16:52:56.753Z - Time taken for 'hash changed files from watcher' 9.36899995803833ms
[NX Daemon Server] - 2023-11-09T16:52:56.797Z - [WATCHER]: 2 file(s) created or restored, 0 file(s) modified, 2 file(s) deleted
[NX Daemon Server] - 2023-11-09T16:52:56.797Z - [WATCHER]: Processing file changes in outputs
[NX Daemon Server] - 2023-11-09T16:52:56.943Z - [REQUEST]: Updated file-hasher based on watched changes, recomputing project graph...
[NX Daemon Server] - 2023-11-09T16:52:56.943Z - [REQUEST]: .nx/cache/project-graph.json,.nx/cache/file-map.json
[NX Daemon Server] - 2023-11-09T16:52:56.943Z - [REQUEST]: .nx/cache/file-map.json~77cb28b3,.nx/cache/project-graph.json~77cb28b3

 >  NX   Using `implicitDependencies` for global implicit dependencies configuration is no longer supported.

   Use "namedInputs" instead. You can run "nx repair" to automatically migrate your configuration.
   For more information about the usage of "namedInputs" see https://nx.dev/deprecated/global-implicit-dependencies#global-implicit-dependencies

[NX Daemon Server] - 2023-11-09T16:52:57.020Z - Time taken for 'hash changed files from watcher' 5.613600015640259ms
[NX Daemon Server] - 2023-11-09T16:52:57.059Z - [WATCHER]: 2 file(s) created or restored, 0 file(s) modified, 2 file(s) deleted
[NX Daemon Server] - 2023-11-09T16:52:57.060Z - [WATCHER]: Processing file changes in outputs
[NX Daemon Server] - 2023-11-09T16:52:57.201Z - [REQUEST]: Updated file-hasher based on watched changes, recomputing project graph...
[NX Daemon Server] - 2023-11-09T16:52:57.201Z - [REQUEST]: .nx/cache/file-map.json,.nx/cache/project-graph.json
[NX Daemon Server] - 2023-11-09T16:52:57.201Z - [REQUEST]: .nx/cache/project-graph.json~4800a76e,.nx/cache/file-map.json~4800a76e

 >  NX   Using `implicitDependencies` for global implicit dependencies configuration is no longer supported.

   Use "namedInputs" instead. You can run "nx repair" to automatically migrate your configuration.
   For more information about the usage of "namedInputs" see https://nx.dev/deprecated/global-implicit-dependencies#global-implicit-dependencies

[NX Daemon Server] - 2023-11-09T16:52:57.279Z - Time taken for 'hash changed files from watcher' 5.74779999256134ms
[NX Daemon Server] - 2023-11-09T16:52:57.321Z - [WATCHER]: Processing file changes in outputs
[NX Daemon Server] - 2023-11-09T16:52:57.323Z - [WATCHER]: 2 file(s) created or restored, 0 file(s) modified, 2 file(s) deleted
[NX Daemon Server] - 2023-11-09T16:52:57.471Z - [REQUEST]: Updated file-hasher based on watched changes, recomputing project graph...
[NX Daemon Server] - 2023-11-09T16:52:57.471Z - [REQUEST]: .nx/cache/project-graph.json,.nx/cache/file-map.json
[NX Daemon Server] - 2023-11-09T16:52:57.471Z - [REQUEST]: .nx/cache/file-map.json~1563e455,.nx/cache/project-graph.json~1563e455

 >  NX   Using `implicitDependencies` for global implicit dependencies configuration is no longer supported.

   Use "namedInputs" instead. You can run "nx repair" to automatically migrate your configuration.
   For more information about the usage of "namedInputs" see https://nx.dev/deprecated/global-implicit-dependencies#global-implicit-dependencies

[NX Daemon Server] - 2023-11-09T16:52:57.547Z - Time taken for 'hash changed files from watcher' 6.392099976539612ms
[NX Daemon Server] - 2023-11-09T16:52:57.589Z - [WATCHER]: 2 file(s) created or restored, 0 file(s) modified, 2 file(s) deleted
[NX Daemon Server] - 2023-11-09T16:52:57.589Z - [WATCHER]: Processing file changes in outputs
[NX Daemon Server] - 2023-11-09T16:52:57.733Z - [REQUEST]: Updated file-hasher based on watched changes, recomputing project graph...
[NX Daemon Server] - 2023-11-09T16:52:57.733Z - [REQUEST]: .nx/cache/project-graph.json,.nx/cache/file-map.json
[NX Daemon Server] - 2023-11-09T16:52:57.733Z - [REQUEST]: .nx/cache/project-graph.json~37331ed4,.nx/cache/file-map.json~37331ed4

 >  NX   Using `implicitDependencies` for global implicit dependencies configuration is no longer supported.

   Use "namedInputs" instead. You can run "nx repair" to automatically migrate your configuration.
   For more information about the usage of "namedInputs" see https://nx.dev/deprecated/global-implicit-dependencies#global-implicit-dependencies

[NX Daemon Server] - 2023-11-09T16:52:57.823Z - Time taken for 'hash changed files from watcher' 6.310699939727783ms
[NX Daemon Server] - 2023-11-09T16:52:57.865Z - [WATCHER]: 2 file(s) created or restored, 0 file(s) modified, 2 file(s) deleted
[NX Daemon Server] - 2023-11-09T16:52:57.865Z - [WATCHER]: Processing file changes in outputs
[NX Daemon Server] - 2023-11-09T16:52:58.020Z - [REQUEST]: Updated file-hasher based on watched changes, recomputing project graph...
[NX Daemon Server] - 2023-11-09T16:52:58.020Z - [REQUEST]: .nx/cache/file-map.json,.nx/cache/project-graph.json
[NX Daemon Server] - 2023-11-09T16:52:58.020Z - [REQUEST]: .nx/cache/project-graph.json~063ea648,.nx/cache/file-map.json~063ea648

 >  NX   Using `implicitDependencies` for global implicit dependencies configuration is no longer supported.

   Use "namedInputs" instead. You can run "nx repair" to automatically migrate your configuration.
   For more information about the usage of "namedInputs" see https://nx.dev/deprecated/global-implicit-dependencies#global-implicit-dependencies

[NX Daemon Server] - 2023-11-09T16:52:58.094Z - Time taken for 'hash changed files from watcher' 6.3135000467300415ms
[NX Daemon Server] - 2023-11-09T16:52:58.130Z - [WATCHER]: Processing file changes in outputs
[NX Daemon Server] - 2023-11-09T16:52:58.131Z - [WATCHER]: 2 file(s) created or restored, 0 file(s) modified, 2 file(s) deleted
[NX Daemon Server] - 2023-11-09T16:52:58.272Z - [REQUEST]: Updated file-hasher based on watched changes, recomputing project graph...
[NX Daemon Server] - 2023-11-09T16:52:58.273Z - [REQUEST]: .nx/cache/project-graph.json,.nx/cache/file-map.json
[NX Daemon Server] - 2023-11-09T16:52:58.273Z - [REQUEST]: .nx/cache/project-graph.json~67804cad,.nx/cache/file-map.json~67804cad

 >  NX   Using `implicitDependencies` for global implicit dependencies configuration is no longer supported.

   Use "namedInputs" instead. You can run "nx repair" to automatically migrate your configuration.
   For more information about the usage of "namedInputs" see https://nx.dev/deprecated/global-implicit-dependencies#global-implicit-dependencies

[NX Daemon Server] - 2023-11-09T16:52:58.351Z - Time taken for 'hash changed files from watcher' 5.083999991416931ms
[NX Daemon Server] - 2023-11-09T16:52:58.394Z - [WATCHER]: 2 file(s) created or restored, 0 file(s) modified, 2 file(s) deleted
[NX Daemon Server] - 2023-11-09T16:52:58.394Z - [WATCHER]: Processing file changes in outputs
[NX Daemon Server] - 2023-11-09T16:52:58.554Z - [REQUEST]: Updated file-hasher based on watched changes, recomputing project graph...
[NX Daemon Server] - 2023-11-09T16:52:58.554Z - [REQUEST]: .nx/cache/project-graph.json,.nx/cache/file-map.json
[NX Daemon Server] - 2023-11-09T16:52:58.554Z - [REQUEST]: .nx/cache/file-map.json~7ed4ba3e,.nx/cache/project-graph.json~7ed4ba3e

 >  NX   Using `implicitDependencies` for global implicit dependencies configuration is no longer supported.

   Use "namedInputs" instead. You can run "nx repair" to automatically migrate your configuration.
   For more information about the usage of "namedInputs" see https://nx.dev/deprecated/global-implicit-dependencies#global-implicit-dependencies

[NX Daemon Server] - 2023-11-09T16:52:58.655Z - Time taken for 'hash changed files from watcher' 7.474900007247925ms
[NX Daemon Server] - 2023-11-09T16:52:58.680Z - [WATCHER]: 2 file(s) created or restored, 0 file(s) modified, 2 file(s) deleted
[NX Daemon Server] - 2023-11-09T16:52:58.688Z - [WATCHER]: Processing file changes in outputs
[NX Daemon Server] - 2023-11-09T16:52:58.824Z - [REQUEST]: Updated file-hasher based on watched changes, recomputing project graph...
[NX Daemon Server] - 2023-11-09T16:52:58.824Z - [REQUEST]: .nx/cache/project-graph.json,.nx/cache/file-map.json
[NX Daemon Server] - 2023-11-09T16:52:58.824Z - [REQUEST]: .nx/cache/file-map.json~3c8de84b,.nx/cache/project-graph.json~3c8de84b

 >  NX   Using `implicitDependencies` for global implicit dependencies configuration is no longer supported.

   Use "namedInputs" instead. You can run "nx repair" to automatically migrate your configuration.
   For more information about the usage of "namedInputs" see https://nx.dev/deprecated/global-implicit-dependencies#global-implicit-dependencies

[NX Daemon Server] - 2023-11-09T16:52:58.930Z - Time taken for 'hash changed files from watcher' 7.929099917411804ms
[NX Daemon Server] - 2023-11-09T16:52:58.971Z - [WATCHER]: 2 file(s) created or restored, 0 file(s) modified, 2 file(s) deleted
[NX Daemon Server] - 2023-11-09T16:52:58.971Z - [WATCHER]: Processing file changes in outputs
[NX Daemon Server] - 2023-11-09T16:52:59.132Z - [REQUEST]: Updated file-hasher based on watched changes, recomputing project graph...
[NX Daemon Server] - 2023-11-09T16:52:59.132Z - [REQUEST]: .nx/cache/project-graph.json,.nx/cache/file-map.json
[NX Daemon Server] - 2023-11-09T16:52:59.132Z - [REQUEST]: .nx/cache/file-map.json~8a0f2990,.nx/cache/project-graph.json~8a0f2990

 >  NX   Using `implicitDependencies` for global implicit dependencies configuration is no longer supported.

   Use "namedInputs" instead. You can run "nx repair" to automatically migrate your configuration.
   For more information about the usage of "namedInputs" see https://nx.dev/deprecated/global-implicit-dependencies#global-implicit-dependencies

[NX Daemon Server] - 2023-11-09T16:52:59.241Z - Time taken for 'hash changed files from watcher' 7.529899954795837ms
[NX Daemon Server] - 2023-11-09T16:52:59.281Z - [WATCHER]: Processing file changes in outputs
[NX Daemon Server] - 2023-11-09T16:52:59.285Z - [WATCHER]: 2 file(s) created or restored, 0 file(s) modified, 2 file(s) deleted
[NX Daemon Server] - 2023-11-09T16:52:59.438Z - [REQUEST]: Updated file-hasher based on watched changes, recomputing project graph...
[NX Daemon Server] - 2023-11-09T16:52:59.438Z - [REQUEST]: .nx/cache/project-graph.json,.nx/cache/file-map.json
[NX Daemon Server] - 2023-11-09T16:52:59.438Z - [REQUEST]: .nx/cache/project-graph.json~3c125915,.nx/cache/file-map.json~3c125915

 >  NX   Using `implicitDependencies` for global implicit dependencies configuration is no longer supported.

   Use "namedInputs" instead. You can run "nx repair" to automatically migrate your configuration.
   For more information about the usage of "namedInputs" see https://nx.dev/deprecated/global-implicit-dependencies#global-implicit-dependencies

[NX Daemon Server] - 2023-11-09T16:52:59.572Z - Time taken for 'hash changed files from watcher' 5.794800043106079ms
[NX Daemon Server] - 2023-11-09T16:52:59.595Z - [WATCHER]: 2 file(s) created or restored, 0 file(s) modified, 2 file(s) deleted
[NX Daemon Server] - 2023-11-09T16:52:59.596Z - [WATCHER]: Processing file changes in outputs
[NX Daemon Server] - 2023-11-09T16:52:59.755Z - [REQUEST]: Updated file-hasher based on watched changes, recomputing project graph...
[NX Daemon Server] - 2023-11-09T16:52:59.755Z - [REQUEST]: .nx/cache/project-graph.json,.nx/cache/file-map.json
[NX Daemon Server] - 2023-11-09T16:52:59.755Z - [REQUEST]: .nx/cache/project-graph.json~d31d58ca,.nx/cache/file-map.json~d31d58ca

 >  NX   Using `implicitDependencies` for global implicit dependencies configuration is no longer supported.

   Use "namedInputs" instead. You can run "nx repair" to automatically migrate your configuration.
   For more information about the usage of "namedInputs" see https://nx.dev/deprecated/global-implicit-dependencies#global-implicit-dependencies

[NX Daemon Server] - 2023-11-09T16:52:59.910Z - Time taken for 'hash changed files from watcher' 5.703000068664551ms
[NX Daemon Server] - 2023-11-09T16:52:59.939Z - [WATCHER]: 2 file(s) created or restored, 0 file(s) modified, 2 file(s) deleted
[NX Daemon Server] - 2023-11-09T16:52:59.939Z - [WATCHER]: Processing file changes in outputs
[NX Daemon Server] - 2023-11-09T16:53:00.123Z - [REQUEST]: Updated file-hasher based on watched changes, recomputing project graph...
[NX Daemon Server] - 2023-11-09T16:53:00.123Z - [REQUEST]: .nx/cache/project-graph.json,.nx/cache/file-map.json
[NX Daemon Server] - 2023-11-09T16:53:00.123Z - [REQUEST]: .nx/cache/project-graph.json~afd77681,.nx/cache/file-map.json~afd77681

 >  NX   Using `implicitDependencies` for global implicit dependencies configuration is no longer supported.

   Use "namedInputs" instead. You can run "nx repair" to automatically migrate your configuration.
   For more information about the usage of "namedInputs" see https://nx.dev/deprecated/global-implicit-dependencies#global-implicit-dependencies

[NX Daemon Server] - 2023-11-09T16:53:00.280Z - Time taken for 'hash changed files from watcher' 10.86080002784729ms
[NX Daemon Server] - 2023-11-09T16:53:00.309Z - [WATCHER]: Processing file changes in outputs
[NX Daemon Server] - 2023-11-09T16:53:00.313Z - [WATCHER]: 2 file(s) created or restored, 0 file(s) modified, 2 file(s) deleted
[NX Daemon Server] - 2023-11-09T16:53:00.515Z - [REQUEST]: Updated file-hasher based on watched changes, recomputing project graph...
[NX Daemon Server] - 2023-11-09T16:53:00.515Z - [REQUEST]: .nx/cache/file-map.json,.nx/cache/project-graph.json
[NX Daemon Server] - 2023-11-09T16:53:00.515Z - [REQUEST]: .nx/cache/project-graph.json~6e284c25,.nx/cache/file-map.json~6e284c25

 >  NX   Using `implicitDependencies` for global implicit dependencies configuration is no longer supported.

   Use "namedInputs" instead. You can run "nx repair" to automatically migrate your configuration.
   For more information about the usage of "namedInputs" see https://nx.dev/deprecated/global-implicit-dependencies#global-implicit-dependencies

[NX Daemon Server] - 2023-11-09T16:53:00.721Z - Time taken for 'hash changed files from watcher' 9.286499977111816ms
[NX Daemon Server] - 2023-11-09T16:53:00.730Z - [WATCHER]: 2 file(s) created or restored, 0 file(s) modified, 2 file(s) deleted
[NX Daemon Server] - 2023-11-09T16:53:00.734Z - [WATCHER]: Processing file changes in outputs
[NX Daemon Server] - 2023-11-09T16:53:00.916Z - [REQUEST]: Updated file-hasher based on watched changes, recomputing project graph...
[NX Daemon Server] - 2023-11-09T16:53:00.916Z - [REQUEST]: .nx/cache/project-graph.json,.nx/cache/file-map.json
[NX Daemon Server] - 2023-11-09T16:53:00.916Z - [REQUEST]: .nx/cache/file-map.json~4f49df1d,.nx/cache/project-graph.json~4f49df1d

 >  NX   Using `implicitDependencies` for global implicit dependencies configuration is no longer supported.

   Use "namedInputs" instead. You can run "nx repair" to automatically migrate your configuration.
   For more information about the usage of "namedInputs" see https://nx.dev/deprecated/global-implicit-dependencies#global-implicit-dependencies

[NX Daemon Server] - 2023-11-09T16:53:01.056Z - Time taken for 'hash changed files from watcher' 8.952600002288818ms
[NX Daemon Server] - 2023-11-09T16:53:01.084Z - [WATCHER]: 2 file(s) created or restored, 0 file(s) modified, 2 file(s) deleted
[NX Daemon Server] - 2023-11-09T16:53:01.085Z - [WATCHER]: Processing file changes in outputs
[NX Daemon Server] - 2023-11-09T16:53:01.251Z - [REQUEST]: Updated file-hasher based on watched changes, recomputing project graph...
[NX Daemon Server] - 2023-11-09T16:53:01.251Z - [REQUEST]: .nx/cache/file-map.json,.nx/cache/project-graph.json
[NX Daemon Server] - 2023-11-09T16:53:01.251Z - [REQUEST]: .nx/cache/project-graph.json~d4f0c7eb,.nx/cache/file-map.json~d4f0c7eb

 >  NX   Using `implicitDependencies` for global implicit dependencies configuration is no longer supported.

   Use "namedInputs" instead. You can run "nx repair" to automatically migrate your configuration.
   For more information about the usage of "namedInputs" see https://nx.dev/deprecated/global-implicit-dependencies#global-implicit-dependencies

[NX Daemon Server] - 2023-11-09T16:53:01.440Z - Time taken for 'hash changed files from watcher' 6.839200019836426ms
[NX Daemon Server] - 2023-11-09T16:53:01.454Z - [WATCHER]: Processing file changes in outputs
[NX Daemon Server] - 2023-11-09T16:53:01.456Z - [WATCHER]: 2 file(s) created or restored, 0 file(s) modified, 2 file(s) deleted
[NX Daemon Server] - 2023-11-09T16:53:01.679Z - [REQUEST]: Updated file-hasher based on watched changes, recomputing project graph...
[NX Daemon Server] - 2023-11-09T16:53:01.679Z - [REQUEST]: .nx/cache/project-graph.json,.nx/cache/file-map.json
[NX Daemon Server] - 2023-11-09T16:53:01.679Z - [REQUEST]: .nx/cache/file-map.json~07134b39,.nx/cache/project-graph.json~07134b39

 >  NX   Using `implicitDependencies` for global implicit dependencies configuration is no longer supported.

   Use "namedInputs" instead. You can run "nx repair" to automatically migrate your configuration.
   For more information about the usage of "namedInputs" see https://nx.dev/deprecated/global-implicit-dependencies#global-implicit-dependencies

[NX Daemon Server] - 2023-11-09T16:53:01.853Z - Time taken for 'hash changed files from watcher' 9.105500102043152ms
[NX Daemon Server] - 2023-11-09T16:53:01.875Z - [WATCHER]: 2 file(s) created or restored, 0 file(s) modified, 2 file(s) deleted
[NX Daemon Server] - 2023-11-09T16:53:01.876Z - [WATCHER]: Processing file changes in outputs
[NX Daemon Server] - 2023-11-09T16:53:02.051Z - [REQUEST]: Updated file-hasher based on watched changes, recomputing project graph...
[NX Daemon Server] - 2023-11-09T16:53:02.051Z - [REQUEST]: .nx/cache/project-graph.json,.nx/cache/file-map.json
[NX Daemon Server] - 2023-11-09T16:53:02.051Z - [REQUEST]: .nx/cache/project-graph.json~9242de83,.nx/cache/file-map.json~9242de83

 >  NX   Using `implicitDependencies` for global implicit dependencies configuration is no longer supported.

   Use "namedInputs" instead. You can run "nx repair" to automatically migrate your configuration.
   For more information about the usage of "namedInputs" see https://nx.dev/deprecated/global-implicit-dependencies#global-implicit-dependencies

[NX Daemon Server] - 2023-11-09T16:53:02.202Z - Time taken for 'hash changed files from watcher' 8.765599966049194ms
[NX Daemon Server] - 2023-11-09T16:53:02.226Z - [WATCHER]: Processing file changes in outputs
[NX Daemon Server] - 2023-11-09T16:53:02.227Z - [WATCHER]: 2 file(s) created or restored, 0 file(s) modified, 2 file(s) deleted
[NX Daemon Server] - 2023-11-09T16:53:02.405Z - [REQUEST]: Updated file-hasher based on watched changes, recomputing project graph...
[NX Daemon Server] - 2023-11-09T16:53:02.405Z - [REQUEST]: .nx/cache/file-map.json,.nx/cache/project-graph.json
[NX Daemon Server] - 2023-11-09T16:53:02.405Z - [REQUEST]: .nx/cache/file-map.json~e8ba6cfb,.nx/cache/project-graph.json~e8ba6cfb

 >  NX   Using `implicitDependencies` for global implicit dependencies configuration is no longer supported.

   Use "namedInputs" instead. You can run "nx repair" to automatically migrate your configuration.
   For more information about the usage of "namedInputs" see https://nx.dev/deprecated/global-implicit-dependencies#global-implicit-dependencies

[NX Daemon Server] - 2023-11-09T16:53:02.521Z - Time taken for 'hash changed files from watcher' 6.909199953079224ms
[NX Daemon Server] - 2023-11-09T16:53:02.555Z - [WATCHER]: 2 file(s) created or restored, 0 file(s) modified, 2 file(s) deleted
[NX Daemon Server] - 2023-11-09T16:53:02.556Z - [WATCHER]: Processing file changes in outputs
[NX Daemon Server] - 2023-11-09T16:53:02.703Z - [REQUEST]: Updated file-hasher based on watched changes, recomputing project graph...
[NX Daemon Server] - 2023-11-09T16:53:02.703Z - [REQUEST]: .nx/cache/project-graph.json,.nx/cache/file-map.json
[NX Daemon Server] - 2023-11-09T16:53:02.704Z - [REQUEST]: .nx/cache/project-graph.json~c3e70572,.nx/cache/file-map.json~c3e70572

 >  NX   Using `implicitDependencies` for global implicit dependencies configuration is no longer supported.

   Use "namedInputs" instead. You can run "nx repair" to automatically migrate your configuration.
   For more information about the usage of "namedInputs" see https://nx.dev/deprecated/global-implicit-dependencies#global-implicit-dependencies

[NX Daemon Server] - 2023-11-09T16:53:02.788Z - Time taken for 'hash changed files from watcher' 6.328500032424927ms
[NX Daemon Server] - 2023-11-09T16:53:02.832Z - [WATCHER]: 2 file(s) created or restored, 0 file(s) modified, 2 file(s) deleted
[NX Daemon Server] - 2023-11-09T16:53:02.832Z - [WATCHER]: Processing file changes in outputs
[NX Daemon Server] - 2023-11-09T16:53:02.986Z - [REQUEST]: Updated file-hasher based on watched changes, recomputing project graph...
[NX Daemon Server] - 2023-11-09T16:53:02.986Z - [REQUEST]: .nx/cache/project-graph.json,.nx/cache/file-map.json
[NX Daemon Server] - 2023-11-09T16:53:02.986Z - [REQUEST]: .nx/cache/project-graph.json~42e0e0d3,.nx/cache/file-map.json~42e0e0d3

 >  NX   Using `implicitDependencies` for global implicit dependencies configuration is no longer supported.

   Use "namedInputs" instead. You can run "nx repair" to automatically migrate your configuration.
   For more information about the usage of "namedInputs" see https://nx.dev/deprecated/global-implicit-dependencies#global-implicit-dependencies

[NX Daemon Server] - 2023-11-09T16:53:03.066Z - Time taken for 'hash changed files from watcher' 9.884899973869324ms
[NX Daemon Server] - 2023-11-09T16:53:03.115Z - [WATCHER]: 2 file(s) created or restored, 0 file(s) modified, 2 file(s) deleted
[NX Daemon Server] - 2023-11-09T16:53:03.115Z - [WATCHER]: Processing file changes in outputs
[NX Daemon Server] - 2023-11-09T16:53:03.258Z - [REQUEST]: Updated file-hasher based on watched changes, recomputing project graph...
[NX Daemon Server] - 2023-11-09T16:53:03.258Z - [REQUEST]: .nx/cache/project-graph.json,.nx/cache/file-map.json
[NX Daemon Server] - 2023-11-09T16:53:03.258Z - [REQUEST]: .nx/cache/project-graph.json~14fd232b,.nx/cache/file-map.json~14fd232b

 >  NX   Using `implicitDependencies` for global implicit dependencies configuration is no longer supported.

   Use "namedInputs" instead. You can run "nx repair" to automatically migrate your configuration.
   For more information about the usage of "namedInputs" see https://nx.dev/deprecated/global-implicit-dependencies#global-implicit-dependencies

[NX Daemon Server] - 2023-11-09T16:53:03.386Z - Time taken for 'hash changed files from watcher' 6.33460009098053ms
[NX Daemon Server] - 2023-11-09T16:53:03.421Z - [WATCHER]: 2 file(s) created or restored, 0 file(s) modified, 2 file(s) deleted
[NX Daemon Server] - 2023-11-09T16:53:03.421Z - [WATCHER]: Processing file changes in outputs
[NX Daemon Server] - 2023-11-09T16:53:03.635Z - [REQUEST]: Updated file-hasher based on watched changes, recomputing project graph...
[NX Daemon Server] - 2023-11-09T16:53:03.636Z - [REQUEST]: .nx/cache/file-map.json,.nx/cache/project-graph.json
[NX Daemon Server] - 2023-11-09T16:53:03.636Z - [REQUEST]: .nx/cache/file-map.json~1b272a9a,.nx/cache/project-graph.json~1b272a9a

 >  NX   Using `implicitDependencies` for global implicit dependencies configuration is no longer supported.

   Use "namedInputs" instead. You can run "nx repair" to automatically migrate your configuration.
   For more information about the usage of "namedInputs" see https://nx.dev/deprecated/global-implicit-dependencies#global-implicit-dependencies

[NX Daemon Server] - 2023-11-09T16:53:03.856Z - [WATCHER]: 2 file(s) created or restored, 0 file(s) modified, 1 file(s) deleted
[NX Daemon Server] - 2023-11-09T16:53:03.857Z - [WATCHER]: Processing file changes in outputs
[NX Daemon Server] - 2023-11-09T16:53:03.858Z - Time taken for 'hash changed files from watcher' 11.99180006980896ms
[NX Daemon Server] - 2023-11-09T16:53:03.907Z - [WATCHER]: 1 file(s) created or restored, 0 file(s) modified, 1 file(s) deleted
[NX Daemon Server] - 2023-11-09T16:53:03.908Z - [WATCHER]: Processing file changes in outputs
[NX Daemon Server] - 2023-11-09T16:53:04.150Z - [REQUEST]: Updated file-hasher based on watched changes, recomputing project graph...
[NX Daemon Server] - 2023-11-09T16:53:04.150Z - [REQUEST]: .nx/cache/project-graph.json,.nx/cache/file-map.json
[NX Daemon Server] - 2023-11-09T16:53:04.150Z - [REQUEST]: .nx/cache/project-graph.json~fae239ea,.nx/cache/file-map.json~fae239ea

 >  NX   Using `implicitDependencies` for global implicit dependencies configuration is no longer supported.

   Use "namedInputs" instead. You can run "nx repair" to automatically migrate your configuration.
   For more information about the usage of "namedInputs" see https://nx.dev/deprecated/global-implicit-dependencies#global-implicit-dependencies

[NX Daemon Server] - 2023-11-09T16:53:04.315Z - Time taken for 'hash changed files from watcher' 30.80370008945465ms
[NX Daemon Server] - 2023-11-09T16:53:04.337Z - [WATCHER]: Processing file changes in outputs
[NX Daemon Server] - 2023-11-09T16:53:04.338Z - [WATCHER]: 2 file(s) created or restored, 0 file(s) modified, 2 file(s) deleted
[NX Daemon Server] - 2023-11-09T16:53:04.503Z - [REQUEST]: Updated file-hasher based on watched changes, recomputing project graph...
[NX Daemon Server] - 2023-11-09T16:53:04.503Z - [REQUEST]: .nx/cache/project-graph.json,.nx/cache/file-map.json
[NX Daemon Server] - 2023-11-09T16:53:04.503Z - [REQUEST]: .nx/cache/project-graph.json~c4753a4b,.nx/cache/file-map.json~c4753a4b

 >  NX   Using `implicitDependencies` for global implicit dependencies configuration is no longer supported.

   Use "namedInputs" instead. You can run "nx repair" to automatically migrate your configuration.
   For more information about the usage of "namedInputs" see https://nx.dev/deprecated/global-implicit-dependencies#global-implicit-dependencies

[NX Daemon Server] - 2023-11-09T16:53:04.634Z - Time taken for 'hash changed files from watcher' 9.792100071907043ms
[NX Daemon Server] - 2023-11-09T16:53:04.660Z - [WATCHER]: Processing file changes in outputs
[NX Daemon Server] - 2023-11-09T16:53:04.661Z - [WATCHER]: 2 file(s) created or restored, 0 file(s) modified, 2 file(s) deleted
[NX Daemon Server] - 2023-11-09T16:53:04.830Z - [REQUEST]: Updated file-hasher based on watched changes, recomputing project graph...
[NX Daemon Server] - 2023-11-09T16:53:04.831Z - [REQUEST]: .nx/cache/project-graph.json,.nx/cache/file-map.json
[NX Daemon Server] - 2023-11-09T16:53:04.831Z - [REQUEST]: .nx/cache/file-map.json~ac362325,.nx/cache/project-graph.json~ac362325

 >  NX   Using `implicitDependencies` for global implicit dependencies configuration is no longer supported.

   Use "namedInputs" instead. You can run "nx repair" to automatically migrate your configuration.
   For more information about the usage of "namedInputs" see https://nx.dev/deprecated/global-implicit-dependencies#global-implicit-dependencies

[NX Daemon Server] - 2023-11-09T16:53:04.940Z - Time taken for 'hash changed files from watcher' 7.117200016975403ms
[NX Daemon Server] - 2023-11-09T16:53:04.973Z - [WATCHER]: 2 file(s) created or restored, 0 file(s) modified, 2 file(s) deleted
[NX Daemon Server] - 2023-11-09T16:53:04.973Z - [WATCHER]: Processing file changes in outputs
[NX Daemon Server] - 2023-11-09T16:53:05.130Z - [REQUEST]: Updated file-hasher based on watched changes, recomputing project graph...
[NX Daemon Server] - 2023-11-09T16:53:05.130Z - [REQUEST]: .nx/cache/project-graph.json,.nx/cache/file-map.json
[NX Daemon Server] - 2023-11-09T16:53:05.130Z - [REQUEST]: .nx/cache/project-graph.json~73a3d637,.nx/cache/file-map.json~73a3d637

 >  NX   Using `implicitDependencies` for global implicit dependencies configuration is no longer supported.

   Use "namedInputs" instead. You can run "nx repair" to automatically migrate your configuration.
   For more information about the usage of "namedInputs" see https://nx.dev/deprecated/global-implicit-dependencies#global-implicit-dependencies

[NX Daemon Server] - 2023-11-09T16:53:05.238Z - Time taken for 'hash changed files from watcher' 9.309399962425232ms
[NX Daemon Server] - 2023-11-09T16:53:05.268Z - [WATCHER]: Processing file changes in outputs
[NX Daemon Server] - 2023-11-09T16:53:05.270Z - [WATCHER]: 2 file(s) created or restored, 0 file(s) modified, 2 file(s) deleted
[NX Daemon Server] - 2023-11-09T16:53:05.424Z - [REQUEST]: Updated file-hasher based on watched changes, recomputing project graph...
[NX Daemon Server] - 2023-11-09T16:53:05.424Z - [REQUEST]: .nx/cache/project-graph.json,.nx/cache/file-map.json
[NX Daemon Server] - 2023-11-09T16:53:05.424Z - [REQUEST]: .nx/cache/project-graph.json~1ca59586,.nx/cache/file-map.json~1ca59586

 >  NX   Using `implicitDependencies` for global implicit dependencies configuration is no longer supported.

   Use "namedInputs" instead. You can run "nx repair" to automatically migrate your configuration.
   For more information about the usage of "namedInputs" see https://nx.dev/deprecated/global-implicit-dependencies#global-implicit-dependencies

[NX Daemon Server] - 2023-11-09T16:53:05.547Z - Time taken for 'hash changed files from watcher' 7.2134000062942505ms
[NX Daemon Server] - 2023-11-09T16:53:05.580Z - [WATCHER]: 2 file(s) created or restored, 0 file(s) modified, 2 file(s) deleted
[NX Daemon Server] - 2023-11-09T16:53:05.581Z - [WATCHER]: Processing file changes in outputs
[NX Daemon Server] - 2023-11-09T16:53:05.735Z - [REQUEST]: Updated file-hasher based on watched changes, recomputing project graph...
[NX Daemon Server] - 2023-11-09T16:53:05.736Z - [REQUEST]: .nx/cache/file-map.json,.nx/cache/project-graph.json
[NX Daemon Server] - 2023-11-09T16:53:05.736Z - [REQUEST]: .nx/cache/project-graph.json~9334fff8,.nx/cache/file-map.json~9334fff8

 >  NX   Using `implicitDependencies` for global implicit dependencies configuration is no longer supported.

   Use "namedInputs" instead. You can run "nx repair" to automatically migrate your configuration.
   For more information about the usage of "namedInputs" see https://nx.dev/deprecated/global-implicit-dependencies#global-implicit-dependencies

[NX Daemon Server] - 2023-11-09T16:53:05.849Z - Time taken for 'hash changed files from watcher' 12.056900024414062ms
[NX Daemon Server] - 2023-11-09T16:53:05.874Z - [WATCHER]: 2 file(s) created or restored, 0 file(s) modified, 2 file(s) deleted
[NX Daemon Server] - 2023-11-09T16:53:05.874Z - [WATCHER]: Processing file changes in outputs
[NX Daemon Server] - 2023-11-09T16:53:06.057Z - [REQUEST]: Updated file-hasher based on watched changes, recomputing project graph...
[NX Daemon Server] - 2023-11-09T16:53:06.058Z - [REQUEST]: .nx/cache/project-graph.json,.nx/cache/file-map.json
[NX Daemon Server] - 2023-11-09T16:53:06.058Z - [REQUEST]: .nx/cache/file-map.json~b56f1275,.nx/cache/project-graph.json~b56f1275

 >  NX   Using `implicitDependencies` for global implicit dependencies configuration is no longer supported.

   Use "namedInputs" instead. You can run "nx repair" to automatically migrate your configuration.
   For more information about the usage of "namedInputs" see https://nx.dev/deprecated/global-implicit-dependencies#global-implicit-dependencies

[NX Daemon Server] - 2023-11-09T16:53:06.190Z - Time taken for 'hash changed files from watcher' 10.912299990653992ms
[NX Daemon Server] - 2023-11-09T16:53:06.213Z - [WATCHER]: Processing file changes in outputs
[NX Daemon Server] - 2023-11-09T16:53:06.216Z - [WATCHER]: 2 file(s) created or restored, 0 file(s) modified, 2 file(s) deleted
[NX Daemon Server] - 2023-11-09T16:53:06.391Z - [REQUEST]: Updated file-hasher based on watched changes, recomputing project graph...
[NX Daemon Server] - 2023-11-09T16:53:06.391Z - [REQUEST]: .nx/cache/file-map.json,.nx/cache/project-graph.json
[NX Daemon Server] - 2023-11-09T16:53:06.391Z - [REQUEST]: .nx/cache/file-map.json~f51d0ba6,.nx/cache/project-graph.json~f51d0ba6

 >  NX   Using `implicitDependencies` for global implicit dependencies configuration is no longer supported.

   Use "namedInputs" instead. You can run "nx repair" to automatically migrate your configuration.
   For more information about the usage of "namedInputs" see https://nx.dev/deprecated/global-implicit-dependencies#global-implicit-dependencies

[NX Daemon Server] - 2023-11-09T16:53:06.542Z - Time taken for 'hash changed files from watcher' 8.0135999917984ms
[NX Daemon Server] - 2023-11-09T16:53:06.567Z - [WATCHER]: Processing file changes in outputs
[NX Daemon Server] - 2023-11-09T16:53:06.570Z - [WATCHER]: 2 file(s) created or restored, 0 file(s) modified, 2 file(s) deleted
[NX Daemon Server] - 2023-11-09T16:53:06.753Z - [REQUEST]: Updated file-hasher based on watched changes, recomputing project graph...
[NX Daemon Server] - 2023-11-09T16:53:06.754Z - [REQUEST]: .nx/cache/file-map.json,.nx/cache/project-graph.json
[NX Daemon Server] - 2023-11-09T16:53:06.754Z - [REQUEST]: .nx/cache/project-graph.json~92c127a5,.nx/cache/file-map.json~92c127a5

 >  NX   Using `implicitDependencies` for global implicit dependencies configuration is no longer supported.

   Use "namedInputs" instead. You can run "nx repair" to automatically migrate your configuration.
   For more information about the usage of "namedInputs" see https://nx.dev/deprecated/global-implicit-dependencies#global-implicit-dependencies

[NX Daemon Server] - 2023-11-09T16:53:06.899Z - Time taken for 'hash changed files from watcher' 13.044800043106079ms
[NX Daemon Server] - 2023-11-09T16:53:06.924Z - [WATCHER]: Processing file changes in outputs
[NX Daemon Server] - 2023-11-09T16:53:06.928Z - [WATCHER]: 2 file(s) created or restored, 0 file(s) modified, 2 file(s) deleted
[NX Daemon Server] - 2023-11-09T16:53:07.090Z - [REQUEST]: Updated file-hasher based on watched changes, recomputing project graph...
[NX Daemon Server] - 2023-11-09T16:53:07.090Z - [REQUEST]: .nx/cache/project-graph.json,.nx/cache/file-map.json
[NX Daemon Server] - 2023-11-09T16:53:07.090Z - [REQUEST]: .nx/cache/file-map.json~7f512231,.nx/cache/project-graph.json~7f512231

 >  NX   Using `implicitDependencies` for global implicit dependencies configuration is no longer supported.

   Use "namedInputs" instead. You can run "nx repair" to automatically migrate your configuration.
   For more information about the usage of "namedInputs" see https://nx.dev/deprecated/global-implicit-dependencies#global-implicit-dependencies

[NX Daemon Server] - 2023-11-09T16:53:07.220Z - Time taken for 'hash changed files from watcher' 10.92799997329712ms
[NX Daemon Server] - 2023-11-09T16:53:07.248Z - [WATCHER]: Processing file changes in outputs
[NX Daemon Server] - 2023-11-09T16:53:07.250Z - [WATCHER]: 2 file(s) created or restored, 0 file(s) modified, 2 file(s) deleted
[NX Daemon Server] - 2023-11-09T16:53:07.428Z - [REQUEST]: Updated file-hasher based on watched changes, recomputing project graph...
[NX Daemon Server] - 2023-11-09T16:53:07.428Z - [REQUEST]: .nx/cache/file-map.json,.nx/cache/project-graph.json
[NX Daemon Server] - 2023-11-09T16:53:07.428Z - [REQUEST]: .nx/cache/project-graph.json~d87de46b,.nx/cache/file-map.json~d87de46b

 >  NX   Using `implicitDependencies` for global implicit dependencies configuration is no longer supported.

   Use "namedInputs" instead. You can run "nx repair" to automatically migrate your configuration.
   For more information about the usage of "namedInputs" see https://nx.dev/deprecated/global-implicit-dependencies#global-implicit-dependencies

[NX Daemon Server] - 2023-11-09T16:53:07.577Z - Time taken for 'hash changed files from watcher' 7.033300042152405ms
[NX Daemon Server] - 2023-11-09T16:53:07.605Z - [WATCHER]: Processing file changes in outputs
[NX Daemon Server] - 2023-11-09T16:53:07.607Z - [WATCHER]: 2 file(s) created or restored, 0 file(s) modified, 2 file(s) deleted
[NX Daemon Server] - 2023-11-09T16:53:07.767Z - [REQUEST]: Updated file-hasher based on watched changes, recomputing project graph...
[NX Daemon Server] - 2023-11-09T16:53:07.767Z - [REQUEST]: .nx/cache/file-map.json,.nx/cache/project-graph.json
[NX Daemon Server] - 2023-11-09T16:53:07.768Z - [REQUEST]: .nx/cache/file-map.json~26433d02,.nx/cache/project-graph.json~26433d02

 >  NX   Using `implicitDependencies` for global implicit dependencies configuration is no longer supported.

   Use "namedInputs" instead. You can run "nx repair" to automatically migrate your configuration.
   For more information about the usage of "namedInputs" see https://nx.dev/deprecated/global-implicit-dependencies#global-implicit-dependencies

[NX Daemon Server] - 2023-11-09T16:53:07.883Z - Time taken for 'hash changed files from watcher' 7.544700026512146ms
[NX Daemon Server] - 2023-11-09T16:53:07.914Z - [WATCHER]: Processing file changes in outputs
[NX Daemon Server] - 2023-11-09T16:53:07.918Z - [WATCHER]: 2 file(s) created or restored, 0 file(s) modified, 2 file(s) deleted
[NX Daemon Server] - 2023-11-09T16:53:08.084Z - [REQUEST]: Updated file-hasher based on watched changes, recomputing project graph...
[NX Daemon Server] - 2023-11-09T16:53:08.084Z - [REQUEST]: .nx/cache/project-graph.json,.nx/cache/file-map.json
[NX Daemon Server] - 2023-11-09T16:53:08.084Z - [REQUEST]: .nx/cache/file-map.json~0101e1fe,.nx/cache/project-graph.json~0101e1fe

 >  NX   Using `implicitDependencies` for global implicit dependencies configuration is no longer supported.

   Use "namedInputs" instead. You can run "nx repair" to automatically migrate your configuration.
   For more information about the usage of "namedInputs" see https://nx.dev/deprecated/global-implicit-dependencies#global-implicit-dependencies

[NX Daemon Server] - 2023-11-09T16:53:08.227Z - Time taken for 'hash changed files from watcher' 9.908200025558472ms
[NX Daemon Server] - 2023-11-09T16:53:08.256Z - [WATCHER]: Processing file changes in outputs
[NX Daemon Server] - 2023-11-09T16:53:08.258Z - [WATCHER]: 2 file(s) created or restored, 0 file(s) modified, 2 file(s) deleted
[NX Daemon Server] - 2023-11-09T16:53:08.437Z - [REQUEST]: Updated file-hasher based on watched changes, recomputing project graph...
[NX Daemon Server] - 2023-11-09T16:53:08.437Z - [REQUEST]: .nx/cache/file-map.json,.nx/cache/project-graph.json
[NX Daemon Server] - 2023-11-09T16:53:08.437Z - [REQUEST]: .nx/cache/file-map.json~9a5e4b7a,.nx/cache/project-graph.json~9a5e4b7a

 >  NX   Using `implicitDependencies` for global implicit dependencies configuration is no longer supported.

   Use "namedInputs" instead. You can run "nx repair" to automatically migrate your configuration.
   For more information about the usage of "namedInputs" see https://nx.dev/deprecated/global-implicit-dependencies#global-implicit-dependencies

[NX Daemon Server] - 2023-11-09T16:53:08.603Z - Time taken for 'hash changed files from watcher' 12.249600052833557ms
[NX Daemon Server] - 2023-11-09T16:53:08.633Z - [WATCHER]: Processing file changes in outputs
[NX Daemon Server] - 2023-11-09T16:53:08.636Z - [WATCHER]: 2 file(s) created or restored, 0 file(s) modified, 2 file(s) deleted
[NX Daemon Server] - 2023-11-09T16:53:08.822Z - [REQUEST]: Updated file-hasher based on watched changes, recomputing project graph...
[NX Daemon Server] - 2023-11-09T16:53:08.822Z - [REQUEST]: .nx/cache/file-map.json,.nx/cache/project-graph.json
[NX Daemon Server] - 2023-11-09T16:53:08.822Z - [REQUEST]: .nx/cache/file-map.json~dd1cee8c,.nx/cache/project-graph.json~dd1cee8c

 >  NX   Using `implicitDependencies` for global implicit dependencies configuration is no longer supported.

   Use "namedInputs" instead. You can run "nx repair" to automatically migrate your configuration.
   For more information about the usage of "namedInputs" see https://nx.dev/deprecated/global-implicit-dependencies#global-implicit-dependencies

[NX Daemon Server] - 2023-11-09T16:53:08.951Z - Time taken for 'hash changed files from watcher' 10.930600047111511ms
[NX Daemon Server] - 2023-11-09T16:53:08.987Z - [WATCHER]: 2 file(s) created or restored, 0 file(s) modified, 2 file(s) deleted
[NX Daemon Server] - 2023-11-09T16:53:08.988Z - [WATCHER]: Processing file changes in outputs
[NX Daemon Server] - 2023-11-09T16:53:09.155Z - [REQUEST]: Updated file-hasher based on watched changes, recomputing project graph...
[NX Daemon Server] - 2023-11-09T16:53:09.155Z - [REQUEST]: .nx/cache/file-map.json,.nx/cache/project-graph.json
[NX Daemon Server] - 2023-11-09T16:53:09.155Z - [REQUEST]: .nx/cache/project-graph.json~5bb80e39,.nx/cache/file-map.json~5bb80e39

 >  NX   Using `implicitDependencies` for global implicit dependencies configuration is no longer supported.

   Use "namedInputs" instead. You can run "nx repair" to automatically migrate your configuration.
   For more information about the usage of "namedInputs" see https://nx.dev/deprecated/global-implicit-dependencies#global-implicit-dependencies

[NX Daemon Server] - 2023-11-09T16:53:09.278Z - Time taken for 'hash changed files from watcher' 11.454800009727478ms
[NX Daemon Server] - 2023-11-09T16:53:09.301Z - [WATCHER]: 2 file(s) created or restored, 0 file(s) modified, 2 file(s) deleted
[NX Daemon Server] - 2023-11-09T16:53:09.301Z - [WATCHER]: Processing file changes in outputs
[NX Daemon Server] - 2023-11-09T16:53:09.480Z - [REQUEST]: Updated file-hasher based on watched changes, recomputing project graph...
[NX Daemon Server] - 2023-11-09T16:53:09.480Z - [REQUEST]: .nx/cache/file-map.json,.nx/cache/project-graph.json
[NX Daemon Server] - 2023-11-09T16:53:09.480Z - [REQUEST]: .nx/cache/file-map.json~48375f9d,.nx/cache/project-graph.json~48375f9d

 >  NX   Using `implicitDependencies` for global implicit dependencies configuration is no longer supported.

   Use "namedInputs" instead. You can run "nx repair" to automatically migrate your configuration.
   For more information about the usage of "namedInputs" see https://nx.dev/deprecated/global-implicit-dependencies#global-implicit-dependencies

[NX Daemon Server] - 2023-11-09T16:53:09.664Z - Time taken for 'hash changed files from watcher' 11.117400050163269ms
[NX Daemon Server] - 2023-11-09T16:53:09.684Z - [WATCHER]: Processing file changes in outputs
[NX Daemon Server] - 2023-11-09T16:53:09.686Z - [WATCHER]: 2 file(s) created or restored, 0 file(s) modified, 2 file(s) deleted
[NX Daemon Server] - 2023-11-09T16:53:09.877Z - [REQUEST]: Updated file-hasher based on watched changes, recomputing project graph...
[NX Daemon Server] - 2023-11-09T16:53:09.877Z - [REQUEST]: .nx/cache/file-map.json,.nx/cache/project-graph.json
[NX Daemon Server] - 2023-11-09T16:53:09.877Z - [REQUEST]: .nx/cache/file-map.json~e656dbeb,.nx/cache/project-graph.json~e656dbeb

 >  NX   Using `implicitDependencies` for global implicit dependencies configuration is no longer supported.

   Use "namedInputs" instead. You can run "nx repair" to automatically migrate your configuration.
   For more information about the usage of "namedInputs" see https://nx.dev/deprecated/global-implicit-dependencies#global-implicit-dependencies

[NX Daemon Server] - 2023-11-09T16:53:10.004Z - Time taken for 'hash changed files from watcher' 13.173099994659424ms
[NX Daemon Server] - 2023-11-09T16:53:10.041Z - [WATCHER]: Processing file changes in outputs
[NX Daemon Server] - 2023-11-09T16:53:10.042Z - [WATCHER]: 2 file(s) created or restored, 0 file(s) modified, 2 file(s) deleted
[NX Daemon Server] - 2023-11-09T16:53:10.202Z - [REQUEST]: Updated file-hasher based on watched changes, recomputing project graph...
[NX Daemon Server] - 2023-11-09T16:53:10.202Z - [REQUEST]: .nx/cache/file-map.json,.nx/cache/project-graph.json
[NX Daemon Server] - 2023-11-09T16:53:10.202Z - [REQUEST]: .nx/cache/project-graph.json~a925e80e,.nx/cache/file-map.json~a925e80e

 >  NX   Using `implicitDependencies` for global implicit dependencies configuration is no longer supported.

   Use "namedInputs" instead. You can run "nx repair" to automatically migrate your configuration.
   For more information about the usage of "namedInputs" see https://nx.dev/deprecated/global-implicit-dependencies#global-implicit-dependencies

[NX Daemon Server] - 2023-11-09T16:53:10.319Z - Time taken for 'hash changed files from watcher' 6.830099940299988ms
[NX Daemon Server] - 2023-11-09T16:53:10.352Z - [WATCHER]: Processing file changes in outputs
[NX Daemon Server] - 2023-11-09T16:53:10.353Z - [WATCHER]: 2 file(s) created or restored, 0 file(s) modified, 2 file(s) deleted
[NX Daemon Server] - 2023-11-09T16:53:10.514Z - [REQUEST]: Updated file-hasher based on watched changes, recomputing project graph...
[NX Daemon Server] - 2023-11-09T16:53:10.514Z - [REQUEST]: .nx/cache/project-graph.json,.nx/cache/file-map.json
[NX Daemon Server] - 2023-11-09T16:53:10.514Z - [REQUEST]: .nx/cache/file-map.json~5e31cc22,.nx/cache/project-graph.json~5e31cc22

 >  NX   Using `implicitDependencies` for global implicit dependencies configuration is no longer supported.

   Use "namedInputs" instead. You can run "nx repair" to automatically migrate your configuration.
   For more information about the usage of "namedInputs" see https://nx.dev/deprecated/global-implicit-dependencies#global-implicit-dependencies

[NX Daemon Server] - 2023-11-09T16:53:10.750Z - [WATCHER]: 2 file(s) created or restored, 0 file(s) modified, 2 file(s) deleted
[NX Daemon Server] - 2023-11-09T16:53:10.751Z - [WATCHER]: Processing file changes in outputs
[NX Daemon Server] - 2023-11-09T16:53:10.751Z - Time taken for 'hash changed files from watcher' 9.354400038719177ms
[NX Daemon Server] - 2023-11-09T16:53:11.003Z - [REQUEST]: Updated file-hasher based on watched changes, recomputing project graph...
[NX Daemon Server] - 2023-11-09T16:53:11.003Z - [REQUEST]: .nx/cache/project-graph.json,.nx/cache/file-map.json
[NX Daemon Server] - 2023-11-09T16:53:11.004Z - [REQUEST]: .nx/cache/project-graph.json~4aa8297b,.nx/cache/file-map.json~4aa8297b

 >  NX   Using `implicitDependencies` for global implicit dependencies configuration is no longer supported.

   Use "namedInputs" instead. You can run "nx repair" to automatically migrate your configuration.
   For more information about the usage of "namedInputs" see https://nx.dev/deprecated/global-implicit-dependencies#global-implicit-dependencies

[NX Daemon Server] - 2023-11-09T16:53:11.199Z - Time taken for 'hash changed files from watcher' 14.94629991054535ms
[NX Daemon Server] - 2023-11-09T16:53:11.234Z - [WATCHER]: 2 file(s) created or restored, 0 file(s) modified, 2 file(s) deleted
[NX Daemon Server] - 2023-11-09T16:53:11.234Z - [WATCHER]: Processing file changes in outputs
[NX Daemon Server] - 2023-11-09T16:53:11.422Z - [REQUEST]: Updated file-hasher based on watched changes, recomputing project graph...
[NX Daemon Server] - 2023-11-09T16:53:11.422Z - [REQUEST]: .nx/cache/project-graph.json,.nx/cache/file-map.json
[NX Daemon Server] - 2023-11-09T16:53:11.422Z - [REQUEST]: .nx/cache/file-map.json~93b7679e,.nx/cache/project-graph.json~93b7679e

 >  NX   Using `implicitDependencies` for global implicit dependencies configuration is no longer supported.

   Use "namedInputs" instead. You can run "nx repair" to automatically migrate your configuration.
   For more information about the usage of "namedInputs" see https://nx.dev/deprecated/global-implicit-dependencies#global-implicit-dependencies

[NX Daemon Server] - 2023-11-09T16:53:11.579Z - Time taken for 'hash changed files from watcher' 11.099900007247925ms
[NX Daemon Server] - 2023-11-09T16:53:11.607Z - [WATCHER]: 2 file(s) created or restored, 0 file(s) modified, 2 file(s) deleted
[NX Daemon Server] - 2023-11-09T16:53:11.607Z - [WATCHER]: Processing file changes in outputs
[NX Daemon Server] - 2023-11-09T16:53:11.794Z - [REQUEST]: Updated file-hasher based on watched changes, recomputing project graph...
[NX Daemon Server] - 2023-11-09T16:53:11.794Z - [REQUEST]: .nx/cache/file-map.json,.nx/cache/project-graph.json
[NX Daemon Server] - 2023-11-09T16:53:11.795Z - [REQUEST]: .nx/cache/file-map.json~2de6d489,.nx/cache/project-graph.json~2de6d489

 >  NX   Using `implicitDependencies` for global implicit dependencies configuration is no longer supported.

   Use "namedInputs" instead. You can run "nx repair" to automatically migrate your configuration.
   For more information about the usage of "namedInputs" see https://nx.dev/deprecated/global-implicit-dependencies#global-implicit-dependencies

[NX Daemon Server] - 2023-11-09T16:53:12.312Z - [WATCHER]: .nx/cache/project-graph.json~d0f8d2dd was created or restored
[NX Daemon Server] - 2023-11-09T16:53:12.314Z - [WATCHER]: 2 file(s) created or restored, 0 file(s) modified, 1 file(s) deleted
[NX Daemon Server] - 2023-11-09T16:53:12.315Z - [WATCHER]: Processing file changes in outputs
[NX Daemon Server] - 2023-11-09T16:53:12.315Z - [WATCHER]: Processing file changes in outputs
[NX Daemon Server] - 2023-11-09T16:53:12.315Z - Time taken for 'hash changed files from watcher' 9.360100030899048ms
[NX Daemon Server] - 2023-11-09T16:53:12.366Z - [WATCHER]: 1 file(s) created or restored, 0 file(s) modified, 1 file(s) deleted
[NX Daemon Server] - 2023-11-09T16:53:12.366Z - [WATCHER]: Processing file changes in outputs
[NX Daemon Server] - 2023-11-09T16:53:12.669Z - [REQUEST]: Updated file-hasher based on watched changes, recomputing project graph...
[NX Daemon Server] - 2023-11-09T16:53:12.669Z - [REQUEST]: .nx/cache/project-graph.json,.nx/cache/file-map.json
[NX Daemon Server] - 2023-11-09T16:53:12.669Z - [REQUEST]: .nx/cache/project-graph.json~d0f8d2dd,.nx/cache/file-map.json~d0f8d2dd

 >  NX   Using `implicitDependencies` for global implicit dependencies configuration is no longer supported.

   Use "namedInputs" instead. You can run "nx repair" to automatically migrate your configuration.
   For more information about the usage of "namedInputs" see https://nx.dev/deprecated/global-implicit-dependencies#global-implicit-dependencies

[NX Daemon Server] - 2023-11-09T16:53:12.929Z - Time taken for 'hash changed files from watcher' 22.18560004234314ms
[NX Daemon Server] - 2023-11-09T16:53:12.961Z - [WATCHER]: 2 file(s) created or restored, 0 file(s) modified, 2 file(s) deleted
[NX Daemon Server] - 2023-11-09T16:53:12.962Z - [WATCHER]: Processing file changes in outputs
[NX Daemon Server] - 2023-11-09T16:53:13.225Z - [REQUEST]: Updated file-hasher based on watched changes, recomputing project graph...
[NX Daemon Server] - 2023-11-09T16:53:13.225Z - [REQUEST]: .nx/cache/file-map.json,.nx/cache/project-graph.json
[NX Daemon Server] - 2023-11-09T16:53:13.225Z - [REQUEST]: .nx/cache/project-graph.json~ca79686e,.nx/cache/file-map.json~ca79686e

 >  NX   Using `implicitDependencies` for global implicit dependencies configuration is no longer supported.

   Use "namedInputs" instead. You can run "nx repair" to automatically migrate your configuration.
   For more information about the usage of "namedInputs" see https://nx.dev/deprecated/global-implicit-dependencies#global-implicit-dependencies

[NX Daemon Server] - 2023-11-09T16:53:13.415Z - Time taken for 'hash changed files from watcher' 11.648899912834167ms
[NX Daemon Server] - 2023-11-09T16:53:13.435Z - [WATCHER]: 2 file(s) created or restored, 0 file(s) modified, 2 file(s) deleted
[NX Daemon Server] - 2023-11-09T16:53:13.435Z - [WATCHER]: Processing file changes in outputs
[NX Daemon Server] - 2023-11-09T16:53:13.609Z - [REQUEST]: Updated file-hasher based on watched changes, recomputing project graph...
[NX Daemon Server] - 2023-11-09T16:53:13.609Z - [REQUEST]: .nx/cache/project-graph.json,.nx/cache/file-map.json
[NX Daemon Server] - 2023-11-09T16:53:13.609Z - [REQUEST]: .nx/cache/file-map.json~73b304d2,.nx/cache/project-graph.json~73b304d2

 >  NX   Using `implicitDependencies` for global implicit dependencies configuration is no longer supported.

   Use "namedInputs" instead. You can run "nx repair" to automatically migrate your configuration.
   For more information about the usage of "namedInputs" see https://nx.dev/deprecated/global-implicit-dependencies#global-implicit-dependencies

[NX Daemon Server] - 2023-11-09T16:53:13.765Z - Time taken for 'hash changed files from watcher' 10.162999987602234ms
[NX Daemon Server] - 2023-11-09T16:53:13.787Z - [WATCHER]: Processing file changes in outputs
[NX Daemon Server] - 2023-11-09T16:53:13.788Z - [WATCHER]: 2 file(s) created or restored, 0 file(s) modified, 2 file(s) deleted
[NX Daemon Server] - 2023-11-09T16:53:14.005Z - [REQUEST]: Updated file-hasher based on watched changes, recomputing project graph...
[NX Daemon Server] - 2023-11-09T16:53:14.006Z - [REQUEST]: .nx/cache/project-graph.json,.nx/cache/file-map.json
[NX Daemon Server] - 2023-11-09T16:53:14.006Z - [REQUEST]: .nx/cache/project-graph.json~b4e2221a,.nx/cache/file-map.json~b4e2221a

 >  NX   Using `implicitDependencies` for global implicit dependencies configuration is no longer supported.

   Use "namedInputs" instead. You can run "nx repair" to automatically migrate your configuration.
   For more information about the usage of "namedInputs" see https://nx.dev/deprecated/global-implicit-dependencies#global-implicit-dependencies

[NX Daemon Server] - 2023-11-09T16:53:14.174Z - Time taken for 'hash changed files from watcher' 18.57770001888275ms
[NX Daemon Server] - 2023-11-09T16:53:14.204Z - [WATCHER]: Processing file changes in outputs
[NX Daemon Server] - 2023-11-09T16:53:14.206Z - [WATCHER]: 2 file(s) created or restored, 0 file(s) modified, 2 file(s) deleted
[NX Daemon Server] - 2023-11-09T16:53:14.405Z - [REQUEST]: Updated file-hasher based on watched changes, recomputing project graph...
[NX Daemon Server] - 2023-11-09T16:53:14.405Z - [REQUEST]: .nx/cache/file-map.json,.nx/cache/project-graph.json
[NX Daemon Server] - 2023-11-09T16:53:14.405Z - [REQUEST]: .nx/cache/file-map.json~5397f329,.nx/cache/project-graph.json~5397f329

 >  NX   Using `implicitDependencies` for global implicit dependencies configuration is no longer supported.

   Use "namedInputs" instead. You can run "nx repair" to automatically migrate your configuration.
   For more information about the usage of "namedInputs" see https://nx.dev/deprecated/global-implicit-dependencies#global-implicit-dependencies

[NX Daemon Server] - 2023-11-09T16:53:14.628Z - Time taken for 'hash changed files from watcher' 11.122499942779541ms
[NX Daemon Server] - 2023-11-09T16:53:14.639Z - [WATCHER]: 2 file(s) created or restored, 0 file(s) modified, 2 file(s) deleted
[NX Daemon Server] - 2023-11-09T16:53:14.645Z - [WATCHER]: Processing file changes in outputs
[NX Daemon Server] - 2023-11-09T16:53:14.823Z - [REQUEST]: Updated file-hasher based on watched changes, recomputing project graph...
[NX Daemon Server] - 2023-11-09T16:53:14.837Z - [REQUEST]: .nx/cache/project-graph.json,.nx/cache/file-map.json
[NX Daemon Server] - 2023-11-09T16:53:14.838Z - [REQUEST]: .nx/cache/project-graph.json~3bb01fb9,.nx/cache/file-map.json~3bb01fb9

 >  NX   Using `implicitDependencies` for global implicit dependencies configuration is no longer supported.

   Use "namedInputs" instead. You can run "nx repair" to automatically migrate your configuration.
   For more information about the usage of "namedInputs" see https://nx.dev/deprecated/global-implicit-dependencies#global-implicit-dependencies

[NX Daemon Server] - 2023-11-09T16:53:15.388Z - [WATCHER]: Processing file changes in outputs
[NX Daemon Server] - 2023-11-09T16:53:15.390Z - [WATCHER]: .nx/cache/project-graph.json~d5d6f37b was created or restored
[NX Daemon Server] - 2023-11-09T16:53:15.391Z - Time taken for 'hash changed files from watcher' 8.824400067329407ms
[NX Daemon Server] - 2023-11-09T16:53:15.506Z - [WATCHER]: 2 file(s) created or restored, 0 file(s) modified, 2 file(s) deleted
[NX Daemon Server] - 2023-11-09T16:53:15.506Z - [WATCHER]: Processing file changes in outputs
[NX Daemon Server] - 2023-11-09T16:53:15.770Z - [REQUEST]: Updated file-hasher based on watched changes, recomputing project graph...
[NX Daemon Server] - 2023-11-09T16:53:15.771Z - [REQUEST]: .nx/cache/file-map.json,.nx/cache/project-graph.json
[NX Daemon Server] - 2023-11-09T16:53:15.771Z - [REQUEST]: .nx/cache/project-graph.json~d5d6f37b,.nx/cache/file-map.json~d5d6f37b

 >  NX   Using `implicitDependencies` for global implicit dependencies configuration is no longer supported.

   Use "namedInputs" instead. You can run "nx repair" to automatically migrate your configuration.
   For more information about the usage of "namedInputs" see https://nx.dev/deprecated/global-implicit-dependencies#global-implicit-dependencies

[NX Daemon Server] - 2023-11-09T16:53:16.287Z - [WATCHER]: 2 file(s) created or restored, 0 file(s) modified, 1 file(s) deleted
[NX Daemon Server] - 2023-11-09T16:53:16.288Z - [WATCHER]: Processing file changes in outputs
[NX Daemon Server] - 2023-11-09T16:53:16.288Z - Time taken for 'hash changed files from watcher' 15.743800044059753ms
[NX Daemon Server] - 2023-11-09T16:53:16.338Z - [WATCHER]: Processing file changes in outputs
[NX Daemon Server] - 2023-11-09T16:53:16.345Z - [WATCHER]: 1 file(s) created or restored, 0 file(s) modified, 1 file(s) deleted
[NX Daemon Server] - 2023-11-09T16:53:16.523Z - [REQUEST]: Updated file-hasher based on watched changes, recomputing project graph...
[NX Daemon Server] - 2023-11-09T16:53:16.523Z - [REQUEST]: .nx/cache/project-graph.json,.nx/cache/file-map.json
[NX Daemon Server] - 2023-11-09T16:53:16.523Z - [REQUEST]: .nx/cache/project-graph.json~d89d226d,.nx/cache/file-map.json~d89d226d

 >  NX   Using `implicitDependencies` for global implicit dependencies configuration is no longer supported.

   Use "namedInputs" instead. You can run "nx repair" to automatically migrate your configuration.
   For more information about the usage of "namedInputs" see https://nx.dev/deprecated/global-implicit-dependencies#global-implicit-dependencies

[NX Daemon Server] - 2023-11-09T16:53:16.802Z - Time taken for 'hash changed files from watcher' 15.319000005722046ms
[NX Daemon Server] - 2023-11-09T16:53:16.838Z - [WATCHER]: 2 file(s) created or restored, 0 file(s) modified, 2 file(s) deleted
[NX Daemon Server] - 2023-11-09T16:53:16.839Z - [WATCHER]: Processing file changes in outputs
[NX Daemon Server] - 2023-11-09T16:53:16.995Z - [REQUEST]: Updated file-hasher based on watched changes, recomputing project graph...
[NX Daemon Server] - 2023-11-09T16:53:16.995Z - [REQUEST]: .nx/cache/project-graph.json,.nx/cache/file-map.json
[NX Daemon Server] - 2023-11-09T16:53:16.995Z - [REQUEST]: .nx/cache/project-graph.json~7dec80e1,.nx/cache/file-map.json~7dec80e1

 >  NX   Using `implicitDependencies` for global implicit dependencies configuration is no longer supported.

   Use "namedInputs" instead. You can run "nx repair" to automatically migrate your configuration.
   For more information about the usage of "namedInputs" see https://nx.dev/deprecated/global-implicit-dependencies#global-implicit-dependencies

[NX Daemon Server] - 2023-11-09T16:53:17.110Z - Time taken for 'hash changed files from watcher' 7.82669997215271ms
[NX Daemon Server] - 2023-11-09T16:53:17.149Z - [WATCHER]: 2 file(s) created or restored, 0 file(s) modified, 2 file(s) deleted
[NX Daemon Server] - 2023-11-09T16:53:17.150Z - [WATCHER]: Processing file changes in outputs
[NX Daemon Server] - 2023-11-09T16:53:17.344Z - [REQUEST]: Updated file-hasher based on watched changes, recomputing project graph...
[NX Daemon Server] - 2023-11-09T16:53:17.345Z - [REQUEST]: .nx/cache/file-map.json,.nx/cache/project-graph.json
[NX Daemon Server] - 2023-11-09T16:53:17.345Z - [REQUEST]: .nx/cache/file-map.json~bf3dc434,.nx/cache/project-graph.json~bf3dc434

 >  NX   Using `implicitDependencies` for global implicit dependencies configuration is no longer supported.

   Use "namedInputs" instead. You can run "nx repair" to automatically migrate your configuration.
   For more information about the usage of "namedInputs" see https://nx.dev/deprecated/global-implicit-dependencies#global-implicit-dependencies

[NX Daemon Server] - 2023-11-09T16:53:17.486Z - Time taken for 'hash changed files from watcher' 17.081200003623962ms
[NX Daemon Server] - 2023-11-09T16:53:17.507Z - [WATCHER]: 2 file(s) created or restored, 0 file(s) modified, 2 file(s) deleted
[NX Daemon Server] - 2023-11-09T16:53:17.508Z - [WATCHER]: Processing file changes in outputs
[NX Daemon Server] - 2023-11-09T16:53:17.665Z - [REQUEST]: Updated file-hasher based on watched changes, recomputing project graph...
[NX Daemon Server] - 2023-11-09T16:53:17.665Z - [REQUEST]: .nx/cache/file-map.json,.nx/cache/project-graph.json
[NX Daemon Server] - 2023-11-09T16:53:17.666Z - [REQUEST]: .nx/cache/file-map.json~a4281acd,.nx/cache/project-graph.json~a4281acd

 >  NX   Using `implicitDependencies` for global implicit dependencies configuration is no longer supported.

   Use "namedInputs" instead. You can run "nx repair" to automatically migrate your configuration.
   For more information about the usage of "namedInputs" see https://nx.dev/deprecated/global-implicit-dependencies#global-implicit-dependencies

[NX Daemon Server] - 2023-11-09T16:53:17.805Z - Time taken for 'hash changed files from watcher' 8.16159999370575ms
[NX Daemon Server] - 2023-11-09T16:53:17.833Z - [WATCHER]: 2 file(s) created or restored, 0 file(s) modified, 2 file(s) deleted
[NX Daemon Server] - 2023-11-09T16:53:17.834Z - [WATCHER]: Processing file changes in outputs
[NX Daemon Server] - 2023-11-09T16:53:18.010Z - [REQUEST]: Updated file-hasher based on watched changes, recomputing project graph...
[NX Daemon Server] - 2023-11-09T16:53:18.010Z - [REQUEST]: .nx/cache/project-graph.json,.nx/cache/file-map.json
[NX Daemon Server] - 2023-11-09T16:53:18.010Z - [REQUEST]: .nx/cache/project-graph.json~ebd44de1,.nx/cache/file-map.json~ebd44de1

 >  NX   Using `implicitDependencies` for global implicit dependencies configuration is no longer supported.

   Use "namedInputs" instead. You can run "nx repair" to automatically migrate your configuration.
   For more information about the usage of "namedInputs" see https://nx.dev/deprecated/global-implicit-dependencies#global-implicit-dependencies

[NX Daemon Server] - 2023-11-09T16:53:18.123Z - Time taken for 'hash changed files from watcher' 10.630100011825562ms
[NX Daemon Server] - 2023-11-09T16:53:18.161Z - [WATCHER]: 2 file(s) created or restored, 0 file(s) modified, 2 file(s) deleted
[NX Daemon Server] - 2023-11-09T16:53:18.161Z - [WATCHER]: Processing file changes in outputs
[NX Daemon Server] - 2023-11-09T16:53:18.323Z - [REQUEST]: Updated file-hasher based on watched changes, recomputing project graph...
[NX Daemon Server] - 2023-11-09T16:53:18.323Z - [REQUEST]: .nx/cache/file-map.json,.nx/cache/project-graph.json
[NX Daemon Server] - 2023-11-09T16:53:18.323Z - [REQUEST]: .nx/cache/file-map.json~0007229f,.nx/cache/project-graph.json~0007229f

 >  NX   Using `implicitDependencies` for global implicit dependencies configuration is no longer supported.

   Use "namedInputs" instead. You can run "nx repair" to automatically migrate your configuration.
   For more information about the usage of "namedInputs" see https://nx.dev/deprecated/global-implicit-dependencies#global-implicit-dependencies

[NX Daemon Server] - 2023-11-09T16:53:18.440Z - Time taken for 'hash changed files from watcher' 13.357599973678589ms
[NX Daemon Server] - 2023-11-09T16:53:18.468Z - [WATCHER]: Processing file changes in outputs
[NX Daemon Server] - 2023-11-09T16:53:18.469Z - [WATCHER]: 2 file(s) created or restored, 0 file(s) modified, 2 file(s) deleted
[NX Daemon Server] - 2023-11-09T16:53:18.638Z - [REQUEST]: Updated file-hasher based on watched changes, recomputing project graph...
[NX Daemon Server] - 2023-11-09T16:53:18.639Z - [REQUEST]: .nx/cache/file-map.json,.nx/cache/project-graph.json
[NX Daemon Server] - 2023-11-09T16:53:18.639Z - [REQUEST]: .nx/cache/project-graph.json~10d397f6,.nx/cache/file-map.json~10d397f6

 >  NX   Using `implicitDependencies` for global implicit dependencies configuration is no longer supported.

   Use "namedInputs" instead. You can run "nx repair" to automatically migrate your configuration.
   For more information about the usage of "namedInputs" see https://nx.dev/deprecated/global-implicit-dependencies#global-implicit-dependencies

[NX Daemon Server] - 2023-11-09T16:53:18.723Z - Time taken for 'hash changed files from watcher' 11.878700017929077ms
[NX Daemon Server] - 2023-11-09T16:53:18.759Z - [WATCHER]: Processing file changes in outputs
[NX Daemon Server] - 2023-11-09T16:53:18.761Z - [WATCHER]: 2 file(s) created or restored, 0 file(s) modified, 2 file(s) deleted
[NX Daemon Server] - 2023-11-09T16:53:18.931Z - [REQUEST]: Updated file-hasher based on watched changes, recomputing project graph...
[NX Daemon Server] - 2023-11-09T16:53:18.931Z - [REQUEST]: .nx/cache/project-graph.json,.nx/cache/file-map.json
[NX Daemon Server] - 2023-11-09T16:53:18.931Z - [REQUEST]: .nx/cache/file-map.json~94981108,.nx/cache/project-graph.json~94981108

 >  NX   Using `implicitDependencies` for global implicit dependencies configuration is no longer supported.

   Use "namedInputs" instead. You can run "nx repair" to automatically migrate your configuration.
   For more information about the usage of "namedInputs" see https://nx.dev/deprecated/global-implicit-dependencies#global-implicit-dependencies

[NX Daemon Server] - 2023-11-09T16:53:19.042Z - Time taken for 'hash changed files from watcher' 12.893600106239319ms
[NX Daemon Server] - 2023-11-09T16:53:19.071Z - [WATCHER]: Processing file changes in outputs
[NX Daemon Server] - 2023-11-09T16:53:19.072Z - [WATCHER]: 2 file(s) created or restored, 0 file(s) modified, 2 file(s) deleted
[NX Daemon Server] - 2023-11-09T16:53:19.248Z - [REQUEST]: Updated file-hasher based on watched changes, recomputing project graph...
[NX Daemon Server] - 2023-11-09T16:53:19.249Z - [REQUEST]: .nx/cache/project-graph.json,.nx/cache/file-map.json
[NX Daemon Server] - 2023-11-09T16:53:19.249Z - [REQUEST]: .nx/cache/project-graph.json~97151826,.nx/cache/file-map.json~97151826

 >  NX   Using `implicitDependencies` for global implicit dependencies configuration is no longer supported.

   Use "namedInputs" instead. You can run "nx repair" to automatically migrate your configuration.
   For more information about the usage of "namedInputs" see https://nx.dev/deprecated/global-implicit-dependencies#global-implicit-dependencies

[NX Daemon Server] - 2023-11-09T16:53:19.357Z - Time taken for 'hash changed files from watcher' 5.430099964141846ms
[NX Daemon Server] - 2023-11-09T16:53:19.380Z - [WATCHER]: Processing file changes in outputs
[NX Daemon Server] - 2023-11-09T16:53:19.382Z - [WATCHER]: 2 file(s) created or restored, 0 file(s) modified, 2 file(s) deleted
[NX Daemon Server] - 2023-11-09T16:53:19.548Z - [REQUEST]: Updated file-hasher based on watched changes, recomputing project graph...
[NX Daemon Server] - 2023-11-09T16:53:19.548Z - [REQUEST]: .nx/cache/project-graph.json,.nx/cache/file-map.json
[NX Daemon Server] - 2023-11-09T16:53:19.548Z - [REQUEST]: .nx/cache/project-graph.json~201ea847,.nx/cache/file-map.json~201ea847

 >  NX   Using `implicitDependencies` for global implicit dependencies configuration is no longer supported.

   Use "namedInputs" instead. You can run "nx repair" to automatically migrate your configuration.
   For more information about the usage of "namedInputs" see https://nx.dev/deprecated/global-implicit-dependencies#global-implicit-dependencies

[NX Daemon Server] - 2023-11-09T16:53:19.656Z - Time taken for 'hash changed files from watcher' 9.38699996471405ms
[NX Daemon Server] - 2023-11-09T16:53:19.686Z - [WATCHER]: Processing file changes in outputs
[NX Daemon Server] - 2023-11-09T16:53:19.688Z - [WATCHER]: 2 file(s) created or restored, 0 file(s) modified, 2 file(s) deleted
[NX Daemon Server] - 2023-11-09T16:53:19.877Z - [REQUEST]: Updated file-hasher based on watched changes, recomputing project graph...
[NX Daemon Server] - 2023-11-09T16:53:19.877Z - [REQUEST]: .nx/cache/file-map.json,.nx/cache/project-graph.json
[NX Daemon Server] - 2023-11-09T16:53:19.877Z - [REQUEST]: .nx/cache/project-graph.json~6108f9ac,.nx/cache/file-map.json~6108f9ac

 >  NX   Using `implicitDependencies` for global implicit dependencies configuration is no longer supported.

   Use "namedInputs" instead. You can run "nx repair" to automatically migrate your configuration.
   For more information about the usage of "namedInputs" see https://nx.dev/deprecated/global-implicit-dependencies#global-implicit-dependencies

[NX Daemon Server] - 2023-11-09T16:53:19.990Z - Time taken for 'hash changed files from watcher' 15.126799941062927ms
[NX Daemon Server] - 2023-11-09T16:53:20.019Z - [WATCHER]: 2 file(s) created or restored, 0 file(s) modified, 2 file(s) deleted
[NX Daemon Server] - 2023-11-09T16:53:20.019Z - [WATCHER]: Processing file changes in outputs
[NX Daemon Server] - 2023-11-09T16:53:20.196Z - [REQUEST]: Updated file-hasher based on watched changes, recomputing project graph...
[NX Daemon Server] - 2023-11-09T16:53:20.196Z - [REQUEST]: .nx/cache/project-graph.json,.nx/cache/file-map.json
[NX Daemon Server] - 2023-11-09T16:53:20.196Z - [REQUEST]: .nx/cache/project-graph.json~09910291,.nx/cache/file-map.json~09910291

 >  NX   Using `implicitDependencies` for global implicit dependencies configuration is no longer supported.

   Use "namedInputs" instead. You can run "nx repair" to automatically migrate your configuration.
   For more information about the usage of "namedInputs" see https://nx.dev/deprecated/global-implicit-dependencies#global-implicit-dependencies

[NX Daemon Server] - 2023-11-09T16:53:20.327Z - Time taken for 'hash changed files from watcher' 7.155200004577637ms
[NX Daemon Server] - 2023-11-09T16:53:20.365Z - [WATCHER]: Processing file changes in outputs
[NX Daemon Server] - 2023-11-09T16:53:20.367Z - [WATCHER]: 2 file(s) created or restored, 0 file(s) modified, 2 file(s) deleted
[NX Daemon Server] - 2023-11-09T16:53:20.548Z - [REQUEST]: Updated file-hasher based on watched changes, recomputing project graph...
[NX Daemon Server] - 2023-11-09T16:53:20.549Z - [REQUEST]: .nx/cache/project-graph.json,.nx/cache/file-map.json
[NX Daemon Server] - 2023-11-09T16:53:20.549Z - [REQUEST]: .nx/cache/project-graph.json~5db6126a,.nx/cache/file-map.json~5db6126a

 >  NX   Using `implicitDependencies` for global implicit dependencies configuration is no longer supported.

   Use "namedInputs" instead. You can run "nx repair" to automatically migrate your configuration.
   For more information about the usage of "namedInputs" see https://nx.dev/deprecated/global-implicit-dependencies#global-implicit-dependencies

[NX Daemon Server] - 2023-11-09T16:53:20.654Z - Time taken for 'hash changed files from watcher' 12.854599952697754ms
[NX Daemon Server] - 2023-11-09T16:53:20.688Z - [WATCHER]: 2 file(s) created or restored, 0 file(s) modified, 2 file(s) deleted
[NX Daemon Server] - 2023-11-09T16:53:20.689Z - [WATCHER]: Processing file changes in outputs
[NX Daemon Server] - 2023-11-09T16:53:20.855Z - [REQUEST]: Updated file-hasher based on watched changes, recomputing project graph...
[NX Daemon Server] - 2023-11-09T16:53:20.855Z - [REQUEST]: .nx/cache/file-map.json,.nx/cache/project-graph.json
[NX Daemon Server] - 2023-11-09T16:53:20.855Z - [REQUEST]: .nx/cache/project-graph.json~812629aa,.nx/cache/file-map.json~812629aa

 >  NX   Using `implicitDependencies` for global implicit dependencies configuration is no longer supported.

   Use "namedInputs" instead. You can run "nx repair" to automatically migrate your configuration.
   For more information about the usage of "namedInputs" see https://nx.dev/deprecated/global-implicit-dependencies#global-implicit-dependencies

[NX Daemon Server] - 2023-11-09T16:53:20.965Z - Time taken for 'hash changed files from watcher' 9.787099957466125ms
[NX Daemon Server] - 2023-11-09T16:53:20.999Z - [WATCHER]: 2 file(s) created or restored, 0 file(s) modified, 2 file(s) deleted
[NX Daemon Server] - 2023-11-09T16:53:21.000Z - [WATCHER]: Processing file changes in outputs
[NX Daemon Server] - 2023-11-09T16:53:21.185Z - [REQUEST]: Updated file-hasher based on watched changes, recomputing project graph...
[NX Daemon Server] - 2023-11-09T16:53:21.185Z - [REQUEST]: .nx/cache/file-map.json,.nx/cache/project-graph.json
[NX Daemon Server] - 2023-11-09T16:53:21.185Z - [REQUEST]: .nx/cache/file-map.json~b3ccf4de,.nx/cache/project-graph.json~b3ccf4de

 >  NX   Using `implicitDependencies` for global implicit dependencies configuration is no longer supported.

   Use "namedInputs" instead. You can run "nx repair" to automatically migrate your configuration.
   For more information about the usage of "namedInputs" see https://nx.dev/deprecated/global-implicit-dependencies#global-implicit-dependencies

[NX Daemon Server] - 2023-11-09T16:53:21.298Z - Time taken for 'hash changed files from watcher' 13.30460000038147ms
[NX Daemon Server] - 2023-11-09T16:53:21.323Z - [WATCHER]: Processing file changes in outputs
[NX Daemon Server] - 2023-11-09T16:53:21.325Z - [WATCHER]: 2 file(s) created or restored, 0 file(s) modified, 2 file(s) deleted
[NX Daemon Server] - 2023-11-09T16:53:21.489Z - [REQUEST]: Updated file-hasher based on watched changes, recomputing project graph...
[NX Daemon Server] - 2023-11-09T16:53:21.489Z - [REQUEST]: .nx/cache/file-map.json,.nx/cache/project-graph.json
[NX Daemon Server] - 2023-11-09T16:53:21.489Z - [REQUEST]: .nx/cache/file-map.json~dd4fa3df,.nx/cache/project-graph.json~dd4fa3df

 >  NX   Using `implicitDependencies` for global implicit dependencies configuration is no longer supported.

   Use "namedInputs" instead. You can run "nx repair" to automatically migrate your configuration.
   For more information about the usage of "namedInputs" see https://nx.dev/deprecated/global-implicit-dependencies#global-implicit-dependencies

[NX Daemon Server] - 2023-11-09T16:53:21.607Z - Time taken for 'hash changed files from watcher' 6.688699960708618ms
[NX Daemon Server] - 2023-11-09T16:53:21.637Z - [WATCHER]: 2 file(s) created or restored, 0 file(s) modified, 2 file(s) deleted
[NX Daemon Server] - 2023-11-09T16:53:21.637Z - [WATCHER]: Processing file changes in outputs
[NX Daemon Server] - 2023-11-09T16:53:21.811Z - [REQUEST]: Updated file-hasher based on watched changes, recomputing project graph...
[NX Daemon Server] - 2023-11-09T16:53:21.811Z - [REQUEST]: .nx/cache/project-graph.json,.nx/cache/file-map.json
[NX Daemon Server] - 2023-11-09T16:53:21.811Z - [REQUEST]: .nx/cache/project-graph.json~c8878f4c,.nx/cache/file-map.json~c8878f4c

 >  NX   Using `implicitDependencies` for global implicit dependencies configuration is no longer supported.

   Use "namedInputs" instead. You can run "nx repair" to automatically migrate your configuration.
   For more information about the usage of "namedInputs" see https://nx.dev/deprecated/global-implicit-dependencies#global-implicit-dependencies

[NX Daemon Server] - 2023-11-09T16:53:21.919Z - Time taken for 'hash changed files from watcher' 12.868499994277954ms
[NX Daemon Server] - 2023-11-09T16:53:21.957Z - [WATCHER]: Processing file changes in outputs
[NX Daemon Server] - 2023-11-09T16:53:21.958Z - [WATCHER]: 2 file(s) created or restored, 0 file(s) modified, 2 file(s) deleted
[NX Daemon Server] - 2023-11-09T16:53:22.112Z - [REQUEST]: Updated file-hasher based on watched changes, recomputing project graph...
[NX Daemon Server] - 2023-11-09T16:53:22.112Z - [REQUEST]: .nx/cache/project-graph.json,.nx/cache/file-map.json
[NX Daemon Server] - 2023-11-09T16:53:22.112Z - [REQUEST]: .nx/cache/project-graph.json~0936ce39,.nx/cache/file-map.json~0936ce39

 >  NX   Using `implicitDependencies` for global implicit dependencies configuration is no longer supported.

   Use "namedInputs" instead. You can run "nx repair" to automatically migrate your configuration.
   For more information about the usage of "namedInputs" see https://nx.dev/deprecated/global-implicit-dependencies#global-implicit-dependencies

[NX Daemon Server] - 2023-11-09T16:53:22.223Z - Time taken for 'hash changed files from watcher' 8.164099931716919ms
[NX Daemon Server] - 2023-11-09T16:53:22.250Z - [WATCHER]: Processing file changes in outputs
[NX Daemon Server] - 2023-11-09T16:53:22.252Z - [WATCHER]: 2 file(s) created or restored, 0 file(s) modified, 2 file(s) deleted
[NX Daemon Server] - 2023-11-09T16:53:22.438Z - [REQUEST]: Updated file-hasher based on watched changes, recomputing project graph...
[NX Daemon Server] - 2023-11-09T16:53:22.438Z - [REQUEST]: .nx/cache/file-map.json,.nx/cache/project-graph.json
[NX Daemon Server] - 2023-11-09T16:53:22.438Z - [REQUEST]: .nx/cache/project-graph.json~b35dd4e5,.nx/cache/file-map.json~b35dd4e5

 >  NX   Using `implicitDependencies` for global implicit dependencies configuration is no longer supported.

   Use "namedInputs" instead. You can run "nx repair" to automatically migrate your configuration.
   For more information about the usage of "namedInputs" see https://nx.dev/deprecated/global-implicit-dependencies#global-implicit-dependencies

[NX Daemon Server] - 2023-11-09T16:53:22.565Z - [WATCHER]: Processing file changes in outputs
[NX Daemon Server] - 2023-11-09T16:53:22.567Z - [WATCHER]: 0 file(s) created or restored, 2 file(s) modified, 0 file(s) deleted
[NX Daemon Server] - 2023-11-09T16:53:22.568Z - Time taken for 'hash changed files from watcher' 11.497599959373474ms
[NX Daemon Server] - 2023-11-09T16:53:22.593Z - [WATCHER]: Processing file changes in outputs
[NX Daemon Server] - 2023-11-09T16:53:22.595Z - [WATCHER]: 2 file(s) created or restored, 1 file(s) modified, 2 file(s) deleted
[NX Daemon Server] - 2023-11-09T16:53:22.655Z - [WATCHER]: .nx/cache/d/daemon.log was modified
[NX Daemon Server] - 2023-11-09T16:53:22.656Z - [WATCHER]: Processing file changes in outputs
